Removed Pin From Net: NetName=WD_WAKE Pin=U12-24
Removed Pin From Net: NetName=WD_DONE Pin=U12-25
Removed Pin From Net: NetName=LASER_ADC2 Pin=U12-58
Removed Pin From Net: NetName=PHOTO_ADC_EOC Pin=U12-63
Removed Pin From Net: NetName=IRQ_0 Pin=U12-64
Removed Pin From Net: NetName=IRQ_1 Pin=U12-65
Removed Pin From Net: NetName=LASER_ADC1 Pin=U12-70
Added Pin To Net: NetName=WD_WAKE Pin=U12-22
Added Pin To Net: NetName=WD_DONE Pin=U12-23
Added Pin To Net: NetName=LASER_ADC2 Pin=U12-24
Added Pin To Net: NetName=LASER_ADC1 Pin=U12-25
Added Pin To Net: NetName=PHOTO_ADC_EOC Pin=U12-58
Added Pin To Net: NetName=IRQ_0 Pin=U12-65
Added Pin To Net: NetName=IRQ_1 Pin=U12-66
Added Pin To Net: NetName=CONS_UART6_RX Pin=R113-1
Added Pin To Net: NetName=CONS_UART6_RX Pin=U12-64
Added Net: Name=CONS_UART6_RX
Added Pin To Net: NetName=CONS_UART6_TX Pin=R114-1
Added Pin To Net: NetName=CONS_UART6_TX Pin=U12-63
Added Net: Name=CONS_UART6_TX
