Removed Pin From Net: NetName=LED_G Pin=U12-68
Removed Pin From Net: NetName=LED_B Pin=U12-69
Added Component: Designator=C71(CAP_C_1608X80)
Add component (AddParameter): Name = "Value"; Value = "33pF"; VariantName = "[No Variations]"
Added Component: Designator=R57(RES_C_1608X60)
Add component (AddParameter): Name = "Class"; Value = "Passive"; VariantName = "[No Variations]"
Add component (AddParameter): Name = "Manufacturer"; Value = "Generic Components"; VariantName = "[No Variations]"
Add component (AddParameter): Name = "Published"; Value = "08/06/2000"; VariantName = "[No Variations]"
Add component (AddParameter): Name = "Publisher"; Value = "Altium Hobart Technology Centre"; VariantName = "[No Variations]"
Added Component: Designator=R118(RES_C_1608X60)
Add component (AddParameter): Name = "Class"; Value = "Passive"; VariantName = "[No Variations]"
Add component (AddParameter): Name = "Manufacturer"; Value = "Generic Components"; VariantName = "[No Variations]"
Add component (AddParameter): Name = "Published"; Value = "08/06/2000"; VariantName = "[No Variations]"
Add component (AddParameter): Name = "Publisher"; Value = "Altium Hobart Technology Centre"; VariantName = "[No Variations]"
Added Component: Designator=R119(RES_C_1608X60)
Add component (AddParameter): Name = "Class"; Value = "Passive"; VariantName = "[No Variations]"
Add component (AddParameter): Name = "Manufacturer"; Value = "Generic Components"; VariantName = "[No Variations]"
Add component (AddParameter): Name = "Published"; Value = "08/06/2000"; VariantName = "[No Variations]"
Add component (AddParameter): Name = "Publisher"; Value = "Altium Hobart Technology Centre"; VariantName = "[No Variations]"
Added Component: Designator=R136(RES_C_1608X60)
Add component (AddParameter): Name = "Class"; Value = "Passive"; VariantName = "[No Variations]"
Add component (AddParameter): Name = "Manufacturer"; Value = "Generic Components"; VariantName = "[No Variations]"
Add component (AddParameter): Name = "Published"; Value = "08/06/2000"; VariantName = "[No Variations]"
Add component (AddParameter): Name = "Publisher"; Value = "Altium Hobart Technology Centre"; VariantName = "[No Variations]"
Added Component: Designator=R137(RES_C_1608X60)
Add component (AddParameter): Name = "Class"; Value = "Passive"; VariantName = "[No Variations]"
Add component (AddParameter): Name = "Manufacturer"; Value = "Generic Components"; VariantName = "[No Variations]"
Add component (AddParameter): Name = "Published"; Value = "08/06/2000"; VariantName = "[No Variations]"
Add component (AddParameter): Name = "Publisher"; Value = "Altium Hobart Technology Centre"; VariantName = "[No Variations]"
Added Component: Designator=R138(RES_C_1608X60)
Add component (AddParameter): Name = "Class"; Value = "Passive"; VariantName = "[No Variations]"
Add component (AddParameter): Name = "Manufacturer"; Value = "Generic Components"; VariantName = "[No Variations]"
Add component (AddParameter): Name = "Published"; Value = "08/06/2000"; VariantName = "[No Variations]"
Add component (AddParameter): Name = "Publisher"; Value = "Altium Hobart Technology Centre"; VariantName = "[No Variations]"
Added Component: Designator=R150(RES_C_1608X60)
Add component (AddParameter): Name = "Class"; Value = "Passive"; VariantName = "[No Variations]"
Add component (AddParameter): Name = "Manufacturer"; Value = "Generic Components"; VariantName = "[No Variations]"
Add component (AddParameter): Name = "Published"; Value = "08/06/2000"; VariantName = "[No Variations]"
Add component (AddParameter): Name = "Publisher"; Value = "Altium Hobart Technology Centre"; VariantName = "[No Variations]"
Added Component: Designator=U10(SOIC8_3.9mm)
Add component (AddParameter): Name = "Check_prices"; Value = "https://www.snapeda.com/parts/MAX485CSA+T/Analog+Devices/view-part/?ref=eda"; VariantName = "[No Variations]"
Add component (AddParameter): Name = "MF"; Value = "Analog Devices"; VariantName = "[No Variations]"
Add component (AddParameter): Name = "MP"; Value = "MAX485CSA+T"; VariantName = "[No Variations]"
Add component (AddParameter): Name = "Package"; Value = "SOIC-8 Maxim"; VariantName = "[No Variations]"
Add component (AddParameter): Name = "SnapEDA_Link"; Value = "https://www.snapeda.com/parts/MAX485CSA+T/Analog+Devices/view-part/?ref=snap"; VariantName = "[No Variations]"
Add component (AddParameter): Name = "Value"; Value = ""; VariantName = "[No Variations]"
Added Pin To Net: NetName=GND Pin=C71-1
Added Pin To Net: NetName=+3.3 Pin=C71-2
Added Pin To Net: NetName=NetJ12_06 Pin=R57-1
Added Pin To Net: NetName=NetJ12_08 Pin=R118-1
Added Pin To Net: NetName=+3.3 Pin=R119-2
Added Pin To Net: NetName=GND Pin=R150-1
Added Pin To Net: NetName=GND Pin=U10-2
Added Pin To Net: NetName=+3.3 Pin=U10-3
Added Pin To Net: NetName=GND Pin=U10-5
Added Pin To Net: NetName=+3.3 Pin=U10-8
Added Pin To Net: NetName=LED_G Pin=U12-70
Added Pin To Net: NetName=LED_B Pin=U12-71
Added Pin To Net: NetName=NetR136_2 Pin=R136-2
Added Pin To Net: NetName=NetR136_2 Pin=U10-4
Added Net: Name=NetR136_2
Added Pin To Net: NetName=NetR138_2 Pin=R138-2
Added Pin To Net: NetName=NetR138_2 Pin=U10-1
Added Net: Name=NetR138_2
Added Pin To Net: NetName=RS485_A Pin=R57-2
Added Pin To Net: NetName=RS485_A Pin=R119-1
Added Pin To Net: NetName=RS485_A Pin=R137-1
Added Pin To Net: NetName=RS485_A Pin=U10-6
Added Net: Name=RS485_A
Added Pin To Net: NetName=RS485_B Pin=R118-2
Added Pin To Net: NetName=RS485_B Pin=R137-2
Added Pin To Net: NetName=RS485_B Pin=R150-2
Added Pin To Net: NetName=RS485_B Pin=U10-7
Added Net: Name=RS485_B
Added Pin To Net: NetName=RS485_USART1_RX Pin=R138-1
Added Pin To Net: NetName=RS485_USART1_RX Pin=U12-69
Added Net: Name=RS485_USART1_RX
Added Pin To Net: NetName=RS485_USART1_TX Pin=R136-1
Added Pin To Net: NetName=RS485_USART1_TX Pin=U12-68
Added Net: Name=RS485_USART1_TX
Added Class: Name=RS485
Added Member To Class: ClassName=HEADER_1 Member=Component R57 22R
Added Member To Class: ClassName=HEADER_1 Member=Component R118 22R
