Change Component DesignItemId : Designator=D5 Old DesignItemId=1N4148-W-7 New DesignItemId=
Change Component DesignItemId : Designator=U10 Old DesignItemId=ADUM1250 New DesignItemId=
Change Component DesignItemId : Designator=U19 Old DesignItemId=AL8843SP-13 New DesignItemId=
Change Component DesignItemId : Designator=Q1 Old DesignItemId=AO3400A New DesignItemId=
Change Component DesignItemId : Designator=Q2 Old DesignItemId=AO3400A New DesignItemId=
Change Component DesignItemId : Designator=Q3 Old DesignItemId=AO3400A New DesignItemId=
Change Component DesignItemId : Designator=Q4 Old DesignItemId=AO3400A New DesignItemId=
Change Component DesignItemId : Designator=D1 Old DesignItemId=B360B-E3/52T New DesignItemId=
Change Component DesignItemId : Designator=D2 Old DesignItemId=B360B-E3/52T New DesignItemId=
Change Component DesignItemId : Designator=D3 Old DesignItemId=B360B-E3/52T New DesignItemId=
Change Component DesignItemId : Designator=D4 Old DesignItemId=B360B-E3/52T New DesignItemId=
Change Component DesignItemId : Designator=C1 Old DesignItemId=Cap_Tantalum SMD New DesignItemId=
Change Component DesignItemId : Designator=C2 Old DesignItemId=Cap_Tantalum SMD New DesignItemId=
Change Component DesignItemId : Designator=C8 Old DesignItemId=Cap_Tantalum SMD New DesignItemId=
Change Component DesignItemId : Designator=C9 Old DesignItemId=Cap_Tantalum SMD New DesignItemId=
Change Component DesignItemId : Designator=C12 Old DesignItemId=Cap_Tantalum SMD New DesignItemId=
Change Component DesignItemId : Designator=C13 Old DesignItemId=Cap_Tantalum SMD New DesignItemId=
Change Component DesignItemId : Designator=C17 Old DesignItemId=Cap_Tantalum SMD New DesignItemId=
Change Component DesignItemId : Designator=C18 Old DesignItemId=Cap_Tantalum SMD New DesignItemId=
Change Component DesignItemId : Designator=C3 Old DesignItemId=Capacitors New DesignItemId=
Change Component DesignItemId : Designator=C4 Old DesignItemId=Capacitors New DesignItemId=
Change Component DesignItemId : Designator=C5 Old DesignItemId=Capacitors New DesignItemId=
Change Component DesignItemId : Designator=C6 Old DesignItemId=Capacitors New DesignItemId=
Change Component DesignItemId : Designator=C7 Old DesignItemId=Capacitors New DesignItemId=
Change Component DesignItemId : Designator=C10 Old DesignItemId=Capacitors New DesignItemId=
Change Component DesignItemId : Designator=C11 Old DesignItemId=Capacitors New DesignItemId=
Change Component DesignItemId : Designator=C14 Old DesignItemId=Capacitors New DesignItemId=
Change Component DesignItemId : Designator=C15 Old DesignItemId=Capacitors New DesignItemId=
Change Component DesignItemId : Designator=C16 Old DesignItemId=Capacitors New DesignItemId=
Change Component DesignItemId : Designator=C19 Old DesignItemId=Capacitors New DesignItemId=
Change Component DesignItemId : Designator=C20 Old DesignItemId=Capacitors New DesignItemId=
Change Component DesignItemId : Designator=C21 Old DesignItemId=Capacitors New DesignItemId=
Change Component DesignItemId : Designator=C22 Old DesignItemId=Capacitors New DesignItemId=
Change Component DesignItemId : Designator=C23 Old DesignItemId=Capacitors New DesignItemId=
Change Component DesignItemId : Designator=C24 Old DesignItemId=Capacitors New DesignItemId=
Change Component DesignItemId : Designator=C25 Old DesignItemId=Capacitors New DesignItemId=
Change Component DesignItemId : Designator=C26 Old DesignItemId=Capacitors New DesignItemId=
Change Component DesignItemId : Designator=C27 Old DesignItemId=Capacitors New DesignItemId=
Change Component DesignItemId : Designator=C28 Old DesignItemId=Capacitors New DesignItemId=
Change Component DesignItemId : Designator=C29 Old DesignItemId=Capacitors New DesignItemId=
Change Component DesignItemId : Designator=C30 Old DesignItemId=Capacitors New DesignItemId=
Change Component DesignItemId : Designator=C31 Old DesignItemId=Capacitors New DesignItemId=
Change Component DesignItemId : Designator=C32 Old DesignItemId=Capacitors New DesignItemId=
Change Component DesignItemId : Designator=C33 Old DesignItemId=Capacitors New DesignItemId=
Change Component DesignItemId : Designator=C34 Old DesignItemId=Capacitors New DesignItemId=
Change Component DesignItemId : Designator=C35 Old DesignItemId=Capacitors New DesignItemId=
Change Component DesignItemId : Designator=C36 Old DesignItemId=Capacitors New DesignItemId=
Change Component DesignItemId : Designator=C37 Old DesignItemId=Capacitors New DesignItemId=
Change Component DesignItemId : Designator=C38 Old DesignItemId=Capacitors New DesignItemId=
Change Component DesignItemId : Designator=C39 Old DesignItemId=Capacitors New DesignItemId=
Change Component DesignItemId : Designator=C40 Old DesignItemId=Capacitors New DesignItemId=
Change Component DesignItemId : Designator=C41 Old DesignItemId=Capacitors New DesignItemId=
Change Component DesignItemId : Designator=C42 Old DesignItemId=Capacitors New DesignItemId=
Change Component DesignItemId : Designator=C43 Old DesignItemId=Capacitors New DesignItemId=
Change Component DesignItemId : Designator=C44 Old DesignItemId=Capacitors New DesignItemId=
Change Component DesignItemId : Designator=C45 Old DesignItemId=Capacitors New DesignItemId=
Change Component DesignItemId : Designator=C46 Old DesignItemId=Capacitors New DesignItemId=
Change Component DesignItemId : Designator=C47 Old DesignItemId=Capacitors New DesignItemId=
Change Component DesignItemId : Designator=C48 Old DesignItemId=Capacitors New DesignItemId=
Change Component DesignItemId : Designator=C49 Old DesignItemId=Capacitors New DesignItemId=
Change Component DesignItemId : Designator=C50 Old DesignItemId=Capacitors New DesignItemId=
Change Component DesignItemId : Designator=C51 Old DesignItemId=Capacitors New DesignItemId=
Change Component DesignItemId : Designator=C52 Old DesignItemId=Capacitors New DesignItemId=
Change Component DesignItemId : Designator=C53 Old DesignItemId=Capacitors New DesignItemId=
Change Component DesignItemId : Designator=C54 Old DesignItemId=Capacitors New DesignItemId=
Change Component DesignItemId : Designator=C55 Old DesignItemId=Capacitors New DesignItemId=
Change Component DesignItemId : Designator=C56 Old DesignItemId=Capacitors New DesignItemId=
Change Component DesignItemId : Designator=C57 Old DesignItemId=Capacitors New DesignItemId=
Change Component DesignItemId : Designator=C58 Old DesignItemId=Capacitors New DesignItemId=
Change Component DesignItemId : Designator=C59 Old DesignItemId=Capacitors New DesignItemId=
Change Component DesignItemId : Designator=C60 Old DesignItemId=Capacitors New DesignItemId=
Change Component DesignItemId : Designator=C61 Old DesignItemId=Capacitors New DesignItemId=
Change Component DesignItemId : Designator=C62 Old DesignItemId=Capacitors New DesignItemId=
Change Component DesignItemId : Designator=C63 Old DesignItemId=Capacitors New DesignItemId=
Change Component DesignItemId : Designator=C64 Old DesignItemId=Capacitors New DesignItemId=
Change Component DesignItemId : Designator=C65 Old DesignItemId=Capacitors New DesignItemId=
Change Component DesignItemId : Designator=C66 Old DesignItemId=Capacitors New DesignItemId=
Change Component DesignItemId : Designator=C67 Old DesignItemId=Capacitors New DesignItemId=
Change Component DesignItemId : Designator=C68 Old DesignItemId=Capacitors New DesignItemId=
Change Component DesignItemId : Designator=C69 Old DesignItemId=Capacitors New DesignItemId=
Change Component DesignItemId : Designator=C70 Old DesignItemId=Capacitors New DesignItemId=
Change Component DesignItemId : Designator=C71 Old DesignItemId=Capacitors New DesignItemId=
Change Component DesignItemId : Designator=C72 Old DesignItemId=Capacitors New DesignItemId=
Change Component DesignItemId : Designator=C73 Old DesignItemId=Capacitors New DesignItemId=
Change Component DesignItemId : Designator=C74 Old DesignItemId=Capacitors New DesignItemId=
Change Component DesignItemId : Designator=C75 Old DesignItemId=Capacitors New DesignItemId=
Change Component DesignItemId : Designator=C76 Old DesignItemId=Capacitors New DesignItemId=
Change Component DesignItemId : Designator=C77 Old DesignItemId=Capacitors New DesignItemId=
Change Component DesignItemId : Designator=C78 Old DesignItemId=Capacitors New DesignItemId=
Change Component DesignItemId : Designator=C79 Old DesignItemId=Capacitors New DesignItemId=
Change Component DesignItemId : Designator=C80 Old DesignItemId=Capacitors New DesignItemId=
Change Component DesignItemId : Designator=C81 Old DesignItemId=Capacitors New DesignItemId=
Change Component DesignItemId : Designator=C82 Old DesignItemId=Capacitors New DesignItemId=
Change Component DesignItemId : Designator=C83 Old DesignItemId=Capacitors New DesignItemId=
Change Component DesignItemId : Designator=C84 Old DesignItemId=Capacitors New DesignItemId=
Change Component DesignItemId : Designator=C85 Old DesignItemId=Capacitors New DesignItemId=
Change Component DesignItemId : Designator=C86 Old DesignItemId=Capacitors New DesignItemId=
Change Component DesignItemId : Designator=C87 Old DesignItemId=Capacitors New DesignItemId=
Change Component DesignItemId : Designator=C88 Old DesignItemId=Capacitors New DesignItemId=
Change Component DesignItemId : Designator=C89 Old DesignItemId=Capacitors New DesignItemId=
Change Component DesignItemId : Designator=C90 Old DesignItemId=Capacitors New DesignItemId=
Change Component DesignItemId : Designator=C91 Old DesignItemId=Capacitors New DesignItemId=
Change Component DesignItemId : Designator=C92 Old DesignItemId=Capacitors New DesignItemId=
Change Component DesignItemId : Designator=C93 Old DesignItemId=Capacitors New DesignItemId=
Change Component DesignItemId : Designator=C94 Old DesignItemId=Capacitors New DesignItemId=
Change Component DesignItemId : Designator=C95 Old DesignItemId=Capacitors New DesignItemId=
Change Component DesignItemId : Designator=C96 Old DesignItemId=Capacitors New DesignItemId=
Change Component DesignItemId : Designator=C97 Old DesignItemId=Capacitors New DesignItemId=
Change Component DesignItemId : Designator=C98 Old DesignItemId=Capacitors New DesignItemId=
Change Component DesignItemId : Designator=C99 Old DesignItemId=Capacitors New DesignItemId=
Change Component DesignItemId : Designator=C100 Old DesignItemId=Capacitors New DesignItemId=
Change Component DesignItemId : Designator=C101 Old DesignItemId=Capacitors New DesignItemId=
Change Component DesignItemId : Designator=C102 Old DesignItemId=Capacitors New DesignItemId=
Change Component DesignItemId : Designator=C103 Old DesignItemId=Capacitors New DesignItemId=
Change Component DesignItemId : Designator=C104 Old DesignItemId=Capacitors New DesignItemId=
Change Component DesignItemId : Designator=C105 Old DesignItemId=Capacitors New DesignItemId=
Change Component DesignItemId : Designator=C106 Old DesignItemId=Capacitors New DesignItemId=
Change Component DesignItemId : Designator=C107 Old DesignItemId=Capacitors New DesignItemId=
Change Component DesignItemId : Designator=C108 Old DesignItemId=Capacitors New DesignItemId=
Change Component DesignItemId : Designator=C109 Old DesignItemId=Capacitors New DesignItemId=
Change Component DesignItemId : Designator=C110 Old DesignItemId=Capacitors New DesignItemId=
Change Component DesignItemId : Designator=C111 Old DesignItemId=Capacitors New DesignItemId=
Change Component DesignItemId : Designator=C112 Old DesignItemId=Capacitors New DesignItemId=
Change Component DesignItemId : Designator=C113 Old DesignItemId=Capacitors New DesignItemId=
Change Component DesignItemId : Designator=C114 Old DesignItemId=Capacitors New DesignItemId=
Change Component DesignItemId : Designator=C115 Old DesignItemId=Capacitors New DesignItemId=
Change Component DesignItemId : Designator=C116 Old DesignItemId=Capacitors New DesignItemId=
Change Component DesignItemId : Designator=C121 Old DesignItemId=Capacitors New DesignItemId=
Change Component DesignItemId : Designator=C122 Old DesignItemId=Capacitors New DesignItemId=
Change Component DesignItemId : Designator=C123 Old DesignItemId=Capacitors New DesignItemId=
Change Component DesignItemId : Designator=C124 Old DesignItemId=Capacitors New DesignItemId=
Change Component DesignItemId : Designator=C125 Old DesignItemId=Capacitors New DesignItemId=
Change Component DesignItemId : Designator=C126 Old DesignItemId=Capacitors New DesignItemId=
Change Component DesignItemId : Designator=C127 Old DesignItemId=Capacitors New DesignItemId=
Change Component DesignItemId : Designator=C128 Old DesignItemId=Capacitors New DesignItemId=
Change Component DesignItemId : Designator=C129 Old DesignItemId=Capacitors New DesignItemId=
Change Component DesignItemId : Designator=C130 Old DesignItemId=Capacitors New DesignItemId=
Change Component DesignItemId : Designator=C131 Old DesignItemId=Capacitors New DesignItemId=
Change Component DesignItemId : Designator=C132 Old DesignItemId=Capacitors New DesignItemId=
Change Component DesignItemId : Designator=C133 Old DesignItemId=Capacitors New DesignItemId=
Change Component DesignItemId : Designator=C134 Old DesignItemId=Capacitors New DesignItemId=
Change Component DesignItemId : Designator=C135 Old DesignItemId=Capacitors New DesignItemId=
Change Component DesignItemId : Designator=C136 Old DesignItemId=Capacitors New DesignItemId=
Change Component DesignItemId : Designator=C137 Old DesignItemId=Capacitors New DesignItemId=
Change Component DesignItemId : Designator=C138 Old DesignItemId=Capacitors New DesignItemId=
Change Component DesignItemId : Designator=C139 Old DesignItemId=Capacitors New DesignItemId=
Change Component DesignItemId : Designator=C140 Old DesignItemId=Capacitors New DesignItemId=
Change Component DesignItemId : Designator=C141 Old DesignItemId=Capacitors New DesignItemId=
Change Component DesignItemId : Designator=C142 Old DesignItemId=Capacitors New DesignItemId=
Change Component DesignItemId : Designator=C143 Old DesignItemId=Capacitors New DesignItemId=
Change Component DesignItemId : Designator=C144 Old DesignItemId=Capacitors New DesignItemId=
Change Component DesignItemId : Designator=C145 Old DesignItemId=Capacitors New DesignItemId=
Change Component DesignItemId : Designator=C146 Old DesignItemId=Capacitors New DesignItemId=
Change Component DesignItemId : Designator=C148 Old DesignItemId=Capacitors New DesignItemId=
Change Component DesignItemId : Designator=C149 Old DesignItemId=Capacitors New DesignItemId=
Change Component DesignItemId : Designator=C150 Old DesignItemId=Capacitors New DesignItemId=
Change Component DesignItemId : Designator=C151 Old DesignItemId=Capacitors New DesignItemId=
Change Component DesignItemId : Designator=C154 Old DesignItemId=Capacitors New DesignItemId=
Change Component DesignItemId : Designator=C155 Old DesignItemId=Capacitors New DesignItemId=
Change Component DesignItemId : Designator=C156 Old DesignItemId=Capacitors New DesignItemId=
Change Component DesignItemId : Designator=Hole1 Old DesignItemId=hole_space New DesignItemId=
Change Component DesignItemId : Designator=Hole2 Old DesignItemId=hole_space New DesignItemId=
Change Component DesignItemId : Designator=Hole3 Old DesignItemId=hole_space New DesignItemId=
Change Component DesignItemId : Designator=Hole4 Old DesignItemId=hole_space New DesignItemId=
Change Component DesignItemId : Designator=J11 Old DesignItemId=JP3 New DesignItemId=
Change Component DesignItemId : Designator=J6 Old DesignItemId=JP5 New DesignItemId=
Change Component DesignItemId : Designator=L2 Old DesignItemId=L-SMD-1 New DesignItemId=
Change Component DesignItemId : Designator=L3 Old DesignItemId=L-SMD-1 New DesignItemId=
Change Component DesignItemId : Designator=L4 Old DesignItemId=L-SMD-1 New DesignItemId=
Change Component DesignItemId : Designator=L5 Old DesignItemId=L-SMD-1 New DesignItemId=
Change Component DesignItemId : Designator=L6 Old DesignItemId=L-SMD-1 New DesignItemId=
Change Component DesignItemId : Designator=L7 Old DesignItemId=L-SMD-1 New DesignItemId=
Change Component DesignItemId : Designator=DS1 Old DesignItemId=LED SMD New DesignItemId=
Change Component DesignItemId : Designator=DS2 Old DesignItemId=LED SMD New DesignItemId=
Change Component DesignItemId : Designator=DS3 Old DesignItemId=LED SMD New DesignItemId=
Change Component DesignItemId : Designator=DS4 Old DesignItemId=LED SMD New DesignItemId=
Change Component DesignItemId : Designator=DS5 Old DesignItemId=LED SMD New DesignItemId=
Change Component DesignItemId : Designator=DS6 Old DesignItemId=LED SMD New DesignItemId=
Change Component DesignItemId : Designator=U5 Old DesignItemId=LT8722 New DesignItemId=
Change Component DesignItemId : Designator=U6 Old DesignItemId=LT8722 New DesignItemId=
Change Component DesignItemId : Designator=U7 Old DesignItemId=LT8722 New DesignItemId=
Change Component DesignItemId : Designator=U8 Old DesignItemId=LT8722 New DesignItemId=
Change Component DesignItemId : Designator=U13 Old DesignItemId=OPA2340UA/2K5 New DesignItemId=
Change Component DesignItemId : Designator=U14 Old DesignItemId=OPA2340UA/2K5 New DesignItemId=
Change Component DesignItemId : Designator=U15 Old DesignItemId=OPA2340UA/2K5 New DesignItemId=
Change Component DesignItemId : Designator=U16 Old DesignItemId=OPA2340UA/2K5 New DesignItemId=
Change Component DesignItemId : Designator=R1 Old DesignItemId=Res SMD New DesignItemId=
Change Component DesignItemId : Designator=R2 Old DesignItemId=Res SMD New DesignItemId=
Change Component DesignItemId : Designator=R3 Old DesignItemId=Res SMD New DesignItemId=
Change Component DesignItemId : Designator=R4 Old DesignItemId=Res SMD New DesignItemId=
Change Component DesignItemId : Designator=R5 Old DesignItemId=Res SMD New DesignItemId=
Change Component DesignItemId : Designator=R6 Old DesignItemId=Res SMD New DesignItemId=
Change Component DesignItemId : Designator=R7 Old DesignItemId=Res SMD New DesignItemId=
Change Component DesignItemId : Designator=R9 Old DesignItemId=Res SMD New DesignItemId=
Change Component DesignItemId : Designator=R10 Old DesignItemId=Res SMD New DesignItemId=
Change Component DesignItemId : Designator=R11 Old DesignItemId=Res SMD New DesignItemId=
Change Component DesignItemId : Designator=R12 Old DesignItemId=Res SMD New DesignItemId=
Change Component DesignItemId : Designator=R13 Old DesignItemId=Res SMD New DesignItemId=
Change Component DesignItemId : Designator=R14 Old DesignItemId=Res SMD New DesignItemId=
Change Component DesignItemId : Designator=R15 Old DesignItemId=Res SMD New DesignItemId=
Change Component DesignItemId : Designator=R16 Old DesignItemId=Res SMD New DesignItemId=
Change Component DesignItemId : Designator=R17 Old DesignItemId=Res SMD New DesignItemId=
Change Component DesignItemId : Designator=R18 Old DesignItemId=Res SMD New DesignItemId=
Change Component DesignItemId : Designator=R19 Old DesignItemId=Res SMD New DesignItemId=
Change Component DesignItemId : Designator=R20 Old DesignItemId=Res SMD New DesignItemId=
Change Component DesignItemId : Designator=R21 Old DesignItemId=Res SMD New DesignItemId=
Change Component DesignItemId : Designator=R22 Old DesignItemId=Res SMD New DesignItemId=
Change Component DesignItemId : Designator=R23 Old DesignItemId=Res SMD New DesignItemId=
Change Component DesignItemId : Designator=R24 Old DesignItemId=Res SMD New DesignItemId=
Change Component DesignItemId : Designator=R25 Old DesignItemId=Res SMD New DesignItemId=
Change Component DesignItemId : Designator=R26 Old DesignItemId=Res SMD New DesignItemId=
Change Component DesignItemId : Designator=R27 Old DesignItemId=Res SMD New DesignItemId=
Change Component DesignItemId : Designator=R28 Old DesignItemId=Res SMD New DesignItemId=
Change Component DesignItemId : Designator=R29 Old DesignItemId=Res SMD New DesignItemId=
Change Component DesignItemId : Designator=R30 Old DesignItemId=Res SMD New DesignItemId=
Change Component DesignItemId : Designator=R31 Old DesignItemId=Res SMD New DesignItemId=
Change Component DesignItemId : Designator=R32 Old DesignItemId=Res SMD New DesignItemId=
Change Component DesignItemId : Designator=R33 Old DesignItemId=Res SMD New DesignItemId=
Change Component DesignItemId : Designator=R34 Old DesignItemId=Res SMD New DesignItemId=
Change Component DesignItemId : Designator=R35 Old DesignItemId=Res SMD New DesignItemId=
Change Component DesignItemId : Designator=R36 Old DesignItemId=Res SMD New DesignItemId=
Change Component DesignItemId : Designator=R37 Old DesignItemId=Res SMD New DesignItemId=
Change Component DesignItemId : Designator=R39 Old DesignItemId=Res SMD New DesignItemId=
Change Component DesignItemId : Designator=R40 Old DesignItemId=Res SMD New DesignItemId=
Change Component DesignItemId : Designator=R41 Old DesignItemId=Res SMD New DesignItemId=
Change Component DesignItemId : Designator=R42 Old DesignItemId=Res SMD New DesignItemId=
Change Component DesignItemId : Designator=R43 Old DesignItemId=Res SMD New DesignItemId=
Change Component DesignItemId : Designator=R44 Old DesignItemId=Res SMD New DesignItemId=
Change Component DesignItemId : Designator=R45 Old DesignItemId=Res SMD New DesignItemId=
Change Component DesignItemId : Designator=R46 Old DesignItemId=Res SMD New DesignItemId=
Change Component DesignItemId : Designator=R47 Old DesignItemId=Res SMD New DesignItemId=
Change Component DesignItemId : Designator=R48 Old DesignItemId=Res SMD New DesignItemId=
Change Component DesignItemId : Designator=R49 Old DesignItemId=Res SMD New DesignItemId=
Change Component DesignItemId : Designator=R50 Old DesignItemId=Res SMD New DesignItemId=
Change Component DesignItemId : Designator=R51 Old DesignItemId=Res SMD New DesignItemId=
Change Component DesignItemId : Designator=R52 Old DesignItemId=Res SMD New DesignItemId=
Change Component DesignItemId : Designator=R53 Old DesignItemId=Res SMD New DesignItemId=
Change Component DesignItemId : Designator=R54 Old DesignItemId=Res SMD New DesignItemId=
Change Component DesignItemId : Designator=R55 Old DesignItemId=Res SMD New DesignItemId=
Change Component DesignItemId : Designator=R56 Old DesignItemId=Res SMD New DesignItemId=
Change Component DesignItemId : Designator=R57 Old DesignItemId=Res SMD New DesignItemId=
Change Component DesignItemId : Designator=R58 Old DesignItemId=Res SMD New DesignItemId=
Change Component DesignItemId : Designator=R59 Old DesignItemId=Res SMD New DesignItemId=
Change Component DesignItemId : Designator=R60 Old DesignItemId=Res SMD New DesignItemId=
Change Component DesignItemId : Designator=R61 Old DesignItemId=Res SMD New DesignItemId=
Change Component DesignItemId : Designator=R62 Old DesignItemId=Res SMD New DesignItemId=
Change Component DesignItemId : Designator=R63 Old DesignItemId=Res SMD New DesignItemId=
Change Component DesignItemId : Designator=R64 Old DesignItemId=Res SMD New DesignItemId=
Change Component DesignItemId : Designator=R65 Old DesignItemId=Res SMD New DesignItemId=
Change Component DesignItemId : Designator=R66 Old DesignItemId=Res SMD New DesignItemId=
Change Component DesignItemId : Designator=R67 Old DesignItemId=Res SMD New DesignItemId=
Change Component DesignItemId : Designator=R68 Old DesignItemId=Res SMD New DesignItemId=
Change Component DesignItemId : Designator=R69 Old DesignItemId=Res SMD New DesignItemId=
Change Component DesignItemId : Designator=R70 Old DesignItemId=Res SMD New DesignItemId=
Change Component DesignItemId : Designator=R71 Old DesignItemId=Res SMD New DesignItemId=
Change Component DesignItemId : Designator=R72 Old DesignItemId=Res SMD New DesignItemId=
Change Component DesignItemId : Designator=R73 Old DesignItemId=Res SMD New DesignItemId=
Change Component DesignItemId : Designator=R74 Old DesignItemId=Res SMD New DesignItemId=
Change Component DesignItemId : Designator=R75 Old DesignItemId=Res SMD New DesignItemId=
Change Component DesignItemId : Designator=R76 Old DesignItemId=Res SMD New DesignItemId=
Change Component DesignItemId : Designator=R77 Old DesignItemId=Res SMD New DesignItemId=
Change Component DesignItemId : Designator=R78 Old DesignItemId=Res SMD New DesignItemId=
Change Component DesignItemId : Designator=R79 Old DesignItemId=Res SMD New DesignItemId=
Change Component DesignItemId : Designator=R80 Old DesignItemId=Res SMD New DesignItemId=
Change Component DesignItemId : Designator=R81 Old DesignItemId=Res SMD New DesignItemId=
Change Component DesignItemId : Designator=R82 Old DesignItemId=Res SMD New DesignItemId=
Change Component DesignItemId : Designator=R83 Old DesignItemId=Res SMD New DesignItemId=
Change Component DesignItemId : Designator=R84 Old DesignItemId=Res SMD New DesignItemId=
Change Component DesignItemId : Designator=R85 Old DesignItemId=Res SMD New DesignItemId=
Change Component DesignItemId : Designator=R86 Old DesignItemId=Res SMD New DesignItemId=
Change Component DesignItemId : Designator=R87 Old DesignItemId=Res SMD New DesignItemId=
Change Component DesignItemId : Designator=R88 Old DesignItemId=Res SMD New DesignItemId=
Change Component DesignItemId : Designator=R89 Old DesignItemId=Res SMD New DesignItemId=
Change Component DesignItemId : Designator=R103 Old DesignItemId=Res SMD New DesignItemId=
Change Component DesignItemId : Designator=R104 Old DesignItemId=Res SMD New DesignItemId=
Change Component DesignItemId : Designator=R105 Old DesignItemId=Res SMD New DesignItemId=
Change Component DesignItemId : Designator=R106 Old DesignItemId=Res SMD New DesignItemId=
Change Component DesignItemId : Designator=R107 Old DesignItemId=Res SMD New DesignItemId=
Change Component DesignItemId : Designator=R108 Old DesignItemId=Res SMD New DesignItemId=
Change Component DesignItemId : Designator=R109 Old DesignItemId=Res SMD New DesignItemId=
Change Component DesignItemId : Designator=R110 Old DesignItemId=Res SMD New DesignItemId=
Change Component DesignItemId : Designator=R111 Old DesignItemId=Res SMD New DesignItemId=
Change Component DesignItemId : Designator=R112 Old DesignItemId=Res SMD New DesignItemId=
Change Component DesignItemId : Designator=R113 Old DesignItemId=Res SMD New DesignItemId=
Change Component DesignItemId : Designator=R114 Old DesignItemId=Res SMD New DesignItemId=
Change Component DesignItemId : Designator=R115 Old DesignItemId=Res SMD New DesignItemId=
Change Component DesignItemId : Designator=R116 Old DesignItemId=Res SMD New DesignItemId=
Change Component DesignItemId : Designator=R117 Old DesignItemId=Res SMD New DesignItemId=
Change Component DesignItemId : Designator=R118 Old DesignItemId=Res SMD New DesignItemId=
Change Component DesignItemId : Designator=R119 Old DesignItemId=Res SMD New DesignItemId=
Change Component DesignItemId : Designator=R135 Old DesignItemId=Res SMD New DesignItemId=
Change Component DesignItemId : Designator=R136 Old DesignItemId=Res SMD New DesignItemId=
Change Component DesignItemId : Designator=R137 Old DesignItemId=Res SMD New DesignItemId=
Change Component DesignItemId : Designator=R138 Old DesignItemId=Res SMD New DesignItemId=
Change Component DesignItemId : Designator=R139 Old DesignItemId=Res SMD New DesignItemId=
Change Component DesignItemId : Designator=R140 Old DesignItemId=Res SMD New DesignItemId=
Change Component DesignItemId : Designator=R141 Old DesignItemId=Res SMD New DesignItemId=
Change Component DesignItemId : Designator=R142 Old DesignItemId=Res SMD New DesignItemId=
Change Component DesignItemId : Designator=R143 Old DesignItemId=Res SMD New DesignItemId=
Change Component DesignItemId : Designator=R144 Old DesignItemId=Res SMD New DesignItemId=
Change Component DesignItemId : Designator=R145 Old DesignItemId=Res SMD New DesignItemId=
Change Component DesignItemId : Designator=R146 Old DesignItemId=Res SMD New DesignItemId=
Change Component DesignItemId : Designator=R147 Old DesignItemId=Res SMD New DesignItemId=
Change Component DesignItemId : Designator=R148 Old DesignItemId=Res SMD New DesignItemId=
Change Component DesignItemId : Designator=R149 Old DesignItemId=Res SMD New DesignItemId=
Change Component DesignItemId : Designator=U20 Old DesignItemId=STM32F407VGT7 New DesignItemId=
Change Component DesignItemId : Designator=BT1 Old DesignItemId=SW2 New DesignItemId=
Change Component DesignItemId : Designator=U21 Old DesignItemId=TPL5010DDCR New DesignItemId=
Change Component DesignItemId : Designator=U4 Old DesignItemId=TPS7A4533DCQR New DesignItemId=
Change Component DesignItemId : Designator=U1 Old DesignItemId=TPS259470ARPWR New DesignItemId=
Change Component DesignItemId : Designator=U3 Old DesignItemId=TPS259470ARPWR New DesignItemId=
Change Component DesignItemId : Designator=TVS1 Old DesignItemId=TVS2200 New DesignItemId=
Change Component DesignItemId : Designator=TVS2 Old DesignItemId=TVS2200 New DesignItemId=
Change Component Library : Designator=BT1 Old Library=Sang_library.SchLib New Library=EXP_HW_V3.SchLib
Change Component Library : Designator=C1 Old Library=Sang_library.SchLib New Library=EXP_HW_V3.SchLib
Change Component Library : Designator=C2 Old Library=Sang_library.SchLib New Library=EXP_HW_V3.SchLib
Change Component Library : Designator=C3 Old Library=Sang_library.SchLib New Library=EXP_HW_V3.SchLib
Change Component Library : Designator=C4 Old Library=Sang_library.SchLib New Library=EXP_HW_V3.SchLib
Change Component Library : Designator=C5 Old Library=Sang_library.SchLib New Library=EXP_HW_V3.SchLib
Change Component Library : Designator=C6 Old Library=Sang_library.SchLib New Library=EXP_HW_V3.SchLib
Change Component Library : Designator=C7 Old Library=Sang_library.SchLib New Library=EXP_HW_V3.SchLib
Change Component Library : Designator=C8 Old Library=Sang_library.SchLib New Library=EXP_HW_V3.SchLib
Change Component Library : Designator=C9 Old Library=Sang_library.SchLib New Library=EXP_HW_V3.SchLib
Change Component Library : Designator=C10 Old Library=Sang_library.SchLib New Library=EXP_HW_V3.SchLib
Change Component Library : Designator=C11 Old Library=Sang_library.SchLib New Library=EXP_HW_V3.SchLib
Change Component Library : Designator=C12 Old Library=Sang_library.SchLib New Library=EXP_HW_V3.SchLib
Change Component Library : Designator=C13 Old Library=Sang_library.SchLib New Library=EXP_HW_V3.SchLib
Change Component Library : Designator=C14 Old Library=Sang_library.SchLib New Library=EXP_HW_V3.SchLib
Change Component Library : Designator=C15 Old Library=Sang_library.SchLib New Library=EXP_HW_V3.SchLib
Change Component Library : Designator=C16 Old Library=Sang_library.SchLib New Library=EXP_HW_V3.SchLib
Change Component Library : Designator=C17 Old Library=Sang_library.SchLib New Library=EXP_HW_V3.SchLib
Change Component Library : Designator=C18 Old Library=Sang_library.SchLib New Library=EXP_HW_V3.SchLib
Change Component Library : Designator=C19 Old Library=Sang_library.SchLib New Library=EXP_HW_V3.SchLib
Change Component Library : Designator=C20 Old Library=Sang_library.SchLib New Library=EXP_HW_V3.SchLib
Change Component Library : Designator=C21 Old Library=Sang_library.SchLib New Library=EXP_HW_V3.SchLib
Change Component Library : Designator=C22 Old Library=Sang_library.SchLib New Library=EXP_HW_V3.SchLib
Change Component Library : Designator=C23 Old Library=Sang_library.SchLib New Library=EXP_HW_V3.SchLib
Change Component Library : Designator=C24 Old Library=Sang_library.SchLib New Library=EXP_HW_V3.SchLib
Change Component Library : Designator=C25 Old Library=Sang_library.SchLib New Library=EXP_HW_V3.SchLib
Change Component Library : Designator=C26 Old Library=Sang_library.SchLib New Library=EXP_HW_V3.SchLib
Change Component Library : Designator=C27 Old Library=Sang_library.SchLib New Library=EXP_HW_V3.SchLib
Change Component Library : Designator=C28 Old Library=Sang_library.SchLib New Library=EXP_HW_V3.SchLib
Change Component Library : Designator=C29 Old Library=Sang_library.SchLib New Library=EXP_HW_V3.SchLib
Change Component Library : Designator=C30 Old Library=Sang_library.SchLib New Library=EXP_HW_V3.SchLib
Change Component Library : Designator=C31 Old Library=Sang_library.SchLib New Library=EXP_HW_V3.SchLib
Change Component Library : Designator=C32 Old Library=Sang_library.SchLib New Library=EXP_HW_V3.SchLib
Change Component Library : Designator=C33 Old Library=Sang_library.SchLib New Library=EXP_HW_V3.SchLib
Change Component Library : Designator=C34 Old Library=Sang_library.SchLib New Library=EXP_HW_V3.SchLib
Change Component Library : Designator=C35 Old Library=Sang_library.SchLib New Library=EXP_HW_V3.SchLib
Change Component Library : Designator=C36 Old Library=Sang_library.SchLib New Library=EXP_HW_V3.SchLib
Change Component Library : Designator=C37 Old Library=Sang_library.SchLib New Library=EXP_HW_V3.SchLib
Change Component Library : Designator=C38 Old Library=Sang_library.SchLib New Library=EXP_HW_V3.SchLib
Change Component Library : Designator=C39 Old Library=Sang_library.SchLib New Library=EXP_HW_V3.SchLib
Change Component Library : Designator=C40 Old Library=Sang_library.SchLib New Library=EXP_HW_V3.SchLib
Change Component Library : Designator=C41 Old Library=Sang_library.SchLib New Library=EXP_HW_V3.SchLib
Change Component Library : Designator=C42 Old Library=Sang_library.SchLib New Library=EXP_HW_V3.SchLib
Change Component Library : Designator=C43 Old Library=Sang_library.SchLib New Library=EXP_HW_V3.SchLib
Change Component Library : Designator=C44 Old Library=Sang_library.SchLib New Library=EXP_HW_V3.SchLib
Change Component Library : Designator=C45 Old Library=Sang_library.SchLib New Library=EXP_HW_V3.SchLib
Change Component Library : Designator=C46 Old Library=Sang_library.SchLib New Library=EXP_HW_V3.SchLib
Change Component Library : Designator=C47 Old Library=Sang_library.SchLib New Library=EXP_HW_V3.SchLib
Change Component Library : Designator=C48 Old Library=Sang_library.SchLib New Library=EXP_HW_V3.SchLib
Change Component Library : Designator=C49 Old Library=Sang_library.SchLib New Library=EXP_HW_V3.SchLib
Change Component Library : Designator=C50 Old Library=Sang_library.SchLib New Library=EXP_HW_V3.SchLib
Change Component Library : Designator=C51 Old Library=Sang_library.SchLib New Library=EXP_HW_V3.SchLib
Change Component Library : Designator=C52 Old Library=Sang_library.SchLib New Library=EXP_HW_V3.SchLib
Change Component Library : Designator=C53 Old Library=Sang_library.SchLib New Library=EXP_HW_V3.SchLib
Change Component Library : Designator=C54 Old Library=Sang_library.SchLib New Library=EXP_HW_V3.SchLib
Change Component Library : Designator=C55 Old Library=Sang_library.SchLib New Library=EXP_HW_V3.SchLib
Change Component Library : Designator=C56 Old Library=Sang_library.SchLib New Library=EXP_HW_V3.SchLib
Change Component Library : Designator=C57 Old Library=Sang_library.SchLib New Library=EXP_HW_V3.SchLib
Change Component Library : Designator=C58 Old Library=Sang_library.SchLib New Library=EXP_HW_V3.SchLib
Change Component Library : Designator=C59 Old Library=Sang_library.SchLib New Library=EXP_HW_V3.SchLib
Change Component Library : Designator=C60 Old Library=Sang_library.SchLib New Library=EXP_HW_V3.SchLib
Change Component Library : Designator=C61 Old Library=Sang_library.SchLib New Library=EXP_HW_V3.SchLib
Change Component Library : Designator=C62 Old Library=Sang_library.SchLib New Library=EXP_HW_V3.SchLib
Change Component Library : Designator=C63 Old Library=Sang_library.SchLib New Library=EXP_HW_V3.SchLib
Change Component Library : Designator=C64 Old Library=Sang_library.SchLib New Library=EXP_HW_V3.SchLib
Change Component Library : Designator=C65 Old Library=Sang_library.SchLib New Library=EXP_HW_V3.SchLib
Change Component Library : Designator=C66 Old Library=Sang_library.SchLib New Library=EXP_HW_V3.SchLib
Change Component Library : Designator=C67 Old Library=Sang_library.SchLib New Library=EXP_HW_V3.SchLib
Change Component Library : Designator=C68 Old Library=Sang_library.SchLib New Library=EXP_HW_V3.SchLib
Change Component Library : Designator=C69 Old Library=Sang_library.SchLib New Library=EXP_HW_V3.SchLib
Change Component Library : Designator=C70 Old Library=Sang_library.SchLib New Library=EXP_HW_V3.SchLib
Change Component Library : Designator=C71 Old Library=Sang_library.SchLib New Library=EXP_HW_V3.SchLib
Change Component Library : Designator=C72 Old Library=Sang_library.SchLib New Library=EXP_HW_V3.SchLib
Change Component Library : Designator=C73 Old Library=Sang_library.SchLib New Library=EXP_HW_V3.SchLib
Change Component Library : Designator=C74 Old Library=Sang_library.SchLib New Library=EXP_HW_V3.SchLib
Change Component Library : Designator=C75 Old Library=Sang_library.SchLib New Library=EXP_HW_V3.SchLib
Change Component Library : Designator=C76 Old Library=Sang_library.SchLib New Library=EXP_HW_V3.SchLib
Change Component Library : Designator=C77 Old Library=Sang_library.SchLib New Library=EXP_HW_V3.SchLib
Change Component Library : Designator=C78 Old Library=Sang_library.SchLib New Library=EXP_HW_V3.SchLib
Change Component Library : Designator=C79 Old Library=Sang_library.SchLib New Library=EXP_HW_V3.SchLib
Change Component Library : Designator=C80 Old Library=Sang_library.SchLib New Library=EXP_HW_V3.SchLib
Change Component Library : Designator=C81 Old Library=Sang_library.SchLib New Library=EXP_HW_V3.SchLib
Change Component Library : Designator=C82 Old Library=Sang_library.SchLib New Library=EXP_HW_V3.SchLib
Change Component Library : Designator=C83 Old Library=Sang_library.SchLib New Library=EXP_HW_V3.SchLib
Change Component Library : Designator=C84 Old Library=Sang_library.SchLib New Library=EXP_HW_V3.SchLib
Change Component Library : Designator=C85 Old Library=Sang_library.SchLib New Library=EXP_HW_V3.SchLib
Change Component Library : Designator=C86 Old Library=Sang_library.SchLib New Library=EXP_HW_V3.SchLib
Change Component Library : Designator=C87 Old Library=Sang_library.SchLib New Library=EXP_HW_V3.SchLib
Change Component Library : Designator=C88 Old Library=Sang_library.SchLib New Library=EXP_HW_V3.SchLib
Change Component Library : Designator=C89 Old Library=Sang_library.SchLib New Library=EXP_HW_V3.SchLib
Change Component Library : Designator=C90 Old Library=Sang_library.SchLib New Library=EXP_HW_V3.SchLib
Change Component Library : Designator=C91 Old Library=Sang_library.SchLib New Library=EXP_HW_V3.SchLib
Change Component Library : Designator=C92 Old Library=Sang_library.SchLib New Library=EXP_HW_V3.SchLib
Change Component Library : Designator=C93 Old Library=Sang_library.SchLib New Library=EXP_HW_V3.SchLib
Change Component Library : Designator=C94 Old Library=Sang_library.SchLib New Library=EXP_HW_V3.SchLib
Change Component Library : Designator=C95 Old Library=Sang_library.SchLib New Library=EXP_HW_V3.SchLib
Change Component Library : Designator=C96 Old Library=Sang_library.SchLib New Library=EXP_HW_V3.SchLib
Change Component Library : Designator=C97 Old Library=Sang_library.SchLib New Library=EXP_HW_V3.SchLib
Change Component Library : Designator=C98 Old Library=Sang_library.SchLib New Library=EXP_HW_V3.SchLib
Change Component Library : Designator=C99 Old Library=Sang_library.SchLib New Library=EXP_HW_V3.SchLib
Change Component Library : Designator=C100 Old Library=Sang_library.SchLib New Library=EXP_HW_V3.SchLib
Change Component Library : Designator=C101 Old Library=Sang_library.SchLib New Library=EXP_HW_V3.SchLib
Change Component Library : Designator=C102 Old Library=Sang_library.SchLib New Library=EXP_HW_V3.SchLib
Change Component Library : Designator=C103 Old Library=Sang_library.SchLib New Library=EXP_HW_V3.SchLib
Change Component Library : Designator=C104 Old Library=Sang_library.SchLib New Library=EXP_HW_V3.SchLib
Change Component Library : Designator=C105 Old Library=Sang_library.SchLib New Library=EXP_HW_V3.SchLib
Change Component Library : Designator=C106 Old Library=Sang_library.SchLib New Library=EXP_HW_V3.SchLib
Change Component Library : Designator=C107 Old Library=Sang_library.SchLib New Library=EXP_HW_V3.SchLib
Change Component Library : Designator=C108 Old Library=Sang_library.SchLib New Library=EXP_HW_V3.SchLib
Change Component Library : Designator=C109 Old Library=Sang_library.SchLib New Library=EXP_HW_V3.SchLib
Change Component Library : Designator=C110 Old Library=Sang_library.SchLib New Library=EXP_HW_V3.SchLib
Change Component Library : Designator=C111 Old Library=Sang_library.SchLib New Library=EXP_HW_V3.SchLib
Change Component Library : Designator=C112 Old Library=Sang_library.SchLib New Library=EXP_HW_V3.SchLib
Change Component Library : Designator=C113 Old Library=Sang_library.SchLib New Library=EXP_HW_V3.SchLib
Change Component Library : Designator=C114 Old Library=Sang_library.SchLib New Library=EXP_HW_V3.SchLib
Change Component Library : Designator=C115 Old Library=Sang_library.SchLib New Library=EXP_HW_V3.SchLib
Change Component Library : Designator=C116 Old Library=Sang_library.SchLib New Library=EXP_HW_V3.SchLib
Change Component Library : Designator=C117 Old Library=Sang_library.SchLib New Library=EXP_HW_V3.SchLib
Change Component Library : Designator=C118 Old Library=Sang_library.SchLib New Library=EXP_HW_V3.SchLib
Change Component Library : Designator=C119 Old Library=Sang_library.SchLib New Library=EXP_HW_V3.SchLib
Change Component Library : Designator=C120 Old Library=Sang_library.SchLib New Library=EXP_HW_V3.SchLib
Change Component Library : Designator=C121 Old Library=Sang_library.SchLib New Library=EXP_HW_V3.SchLib
Change Component Library : Designator=C122 Old Library=Sang_library.SchLib New Library=EXP_HW_V3.SchLib
Change Component Library : Designator=C123 Old Library=Sang_library.SchLib New Library=EXP_HW_V3.SchLib
Change Component Library : Designator=C124 Old Library=Sang_library.SchLib New Library=EXP_HW_V3.SchLib
Change Component Library : Designator=C125 Old Library=Sang_library.SchLib New Library=EXP_HW_V3.SchLib
Change Component Library : Designator=C126 Old Library=Sang_library.SchLib New Library=EXP_HW_V3.SchLib
Change Component Library : Designator=C127 Old Library=Sang_library.SchLib New Library=EXP_HW_V3.SchLib
Change Component Library : Designator=C128 Old Library=Sang_library.SchLib New Library=EXP_HW_V3.SchLib
Change Component Library : Designator=C129 Old Library=Sang_library.SchLib New Library=EXP_HW_V3.SchLib
Change Component Library : Designator=C130 Old Library=Sang_library.SchLib New Library=EXP_HW_V3.SchLib
Change Component Library : Designator=C131 Old Library=Sang_library.SchLib New Library=EXP_HW_V3.SchLib
Change Component Library : Designator=C132 Old Library=Sang_library.SchLib New Library=EXP_HW_V3.SchLib
Change Component Library : Designator=C133 Old Library=Sang_library.SchLib New Library=EXP_HW_V3.SchLib
Change Component Library : Designator=C134 Old Library=Sang_library.SchLib New Library=EXP_HW_V3.SchLib
Change Component Library : Designator=C135 Old Library=Sang_library.SchLib New Library=EXP_HW_V3.SchLib
Change Component Library : Designator=C136 Old Library=Sang_library.SchLib New Library=EXP_HW_V3.SchLib
Change Component Library : Designator=C137 Old Library=Sang_library.SchLib New Library=EXP_HW_V3.SchLib
Change Component Library : Designator=C138 Old Library=Sang_library.SchLib New Library=EXP_HW_V3.SchLib
Change Component Library : Designator=C139 Old Library=Sang_library.SchLib New Library=EXP_HW_V3.SchLib
Change Component Library : Designator=C140 Old Library=Sang_library.SchLib New Library=EXP_HW_V3.SchLib
Change Component Library : Designator=C141 Old Library=Sang_library.SchLib New Library=EXP_HW_V3.SchLib
Change Component Library : Designator=C142 Old Library=Sang_library.SchLib New Library=EXP_HW_V3.SchLib
Change Component Library : Designator=C143 Old Library=Sang_library.SchLib New Library=EXP_HW_V3.SchLib
Change Component Library : Designator=C144 Old Library=Sang_library.SchLib New Library=EXP_HW_V3.SchLib
Change Component Library : Designator=C145 Old Library=Sang_library.SchLib New Library=EXP_HW_V3.SchLib
Change Component Library : Designator=C146 Old Library=Sang_library.SchLib New Library=EXP_HW_V3.SchLib
Change Component Library : Designator=C148 Old Library=Sang_library.SchLib New Library=EXP_HW_V3.SchLib
Change Component Library : Designator=C149 Old Library=Sang_library.SchLib New Library=EXP_HW_V3.SchLib
Change Component Library : Designator=C150 Old Library=Sang_library.SchLib New Library=EXP_HW_V3.SchLib
Change Component Library : Designator=C151 Old Library=Sang_library.SchLib New Library=EXP_HW_V3.SchLib
Change Component Library : Designator=C152 Old Library=Sang_library.SchLib New Library=EXP_HW_V3.SchLib
Change Component Library : Designator=C153 Old Library=Sang_library.SchLib New Library=EXP_HW_V3.SchLib
Change Component Library : Designator=C154 Old Library=Sang_library.SchLib New Library=EXP_HW_V3.SchLib
Change Component Library : Designator=C155 Old Library=Sang_library.SchLib New Library=EXP_HW_V3.SchLib
Change Component Library : Designator=C156 Old Library=Sang_library.SchLib New Library=EXP_HW_V3.SchLib
Change Component Library : Designator=D1 Old Library=Sang_library.SchLib New Library=EXP_HW_V3.SchLib
Change Component Library : Designator=D2 Old Library=Sang_library.SchLib New Library=EXP_HW_V3.SchLib
Change Component Library : Designator=D3 Old Library=Sang_library.SchLib New Library=EXP_HW_V3.SchLib
Change Component Library : Designator=D4 Old Library=Sang_library.SchLib New Library=EXP_HW_V3.SchLib
Change Component Library : Designator=D5 Old Library=Sang_library.SchLib New Library=EXP_HW_V3.SchLib
Change Component Library : Designator=DS1 Old Library=Sang_library.SchLib New Library=EXP_HW_V3.SchLib
Change Component Library : Designator=DS2 Old Library=Sang_library.SchLib New Library=EXP_HW_V3.SchLib
Change Component Library : Designator=DS3 Old Library=Sang_library.SchLib New Library=EXP_HW_V3.SchLib
Change Component Library : Designator=DS4 Old Library=Sang_library.SchLib New Library=EXP_HW_V3.SchLib
Change Component Library : Designator=DS5 Old Library=Sang_library.SchLib New Library=EXP_HW_V3.SchLib
Change Component Library : Designator=DS6 Old Library=Sang_library.SchLib New Library=EXP_HW_V3.SchLib
Change Component Library : Designator=Hole1 Old Library=Sang_library.SchLib New Library=EXP_HW_V3.SchLib
Change Component Library : Designator=Hole2 Old Library=Sang_library.SchLib New Library=EXP_HW_V3.SchLib
Change Component Library : Designator=Hole3 Old Library=Sang_library.SchLib New Library=EXP_HW_V3.SchLib
Change Component Library : Designator=Hole4 Old Library=Sang_library.SchLib New Library=EXP_HW_V3.SchLib
Change Component Library : Designator=J6 Old Library=Sang_library.SchLib New Library=EXP_HW_V3.SchLib
Change Component Library : Designator=J8 Old Library=Sang_library.SchLib New Library=EXP_HW_V3.SchLib
Change Component Library : Designator=J9 Old Library=Sang_library.SchLib New Library=EXP_HW_V3.SchLib
Change Component Library : Designator=J11 Old Library=Sang_library.SchLib New Library=EXP_HW_V3.SchLib
Change Component Library : Designator=L2 Old Library=Sang_library.SchLib New Library=EXP_HW_V3.SchLib
Change Component Library : Designator=L3 Old Library=Sang_library.SchLib New Library=EXP_HW_V3.SchLib
Change Component Library : Designator=L4 Old Library=Sang_library.SchLib New Library=EXP_HW_V3.SchLib
Change Component Library : Designator=L5 Old Library=Sang_library.SchLib New Library=EXP_HW_V3.SchLib
Change Component Library : Designator=L6 Old Library=Sang_library.SchLib New Library=EXP_HW_V3.SchLib
Change Component Library : Designator=L7 Old Library=Sang_library.SchLib New Library=EXP_HW_V3.SchLib
Change Component Library : Designator=Q1 Old Library=Sang_library.SchLib New Library=EXP_HW_V3.SchLib
Change Component Library : Designator=Q2 Old Library=Sang_library.SchLib New Library=EXP_HW_V3.SchLib
Change Component Library : Designator=Q3 Old Library=Sang_library.SchLib New Library=EXP_HW_V3.SchLib
Change Component Library : Designator=Q4 Old Library=Sang_library.SchLib New Library=EXP_HW_V3.SchLib
Change Component Library : Designator=R1 Old Library=Sang_library.SchLib New Library=EXP_HW_V3.SchLib
Change Component Library : Designator=R2 Old Library=Sang_library.SchLib New Library=EXP_HW_V3.SchLib
Change Component Library : Designator=R3 Old Library=Sang_library.SchLib New Library=EXP_HW_V3.SchLib
Change Component Library : Designator=R4 Old Library=Sang_library.SchLib New Library=EXP_HW_V3.SchLib
Change Component Library : Designator=R5 Old Library=Sang_library.SchLib New Library=EXP_HW_V3.SchLib
Change Component Library : Designator=R6 Old Library=Sang_library.SchLib New Library=EXP_HW_V3.SchLib
Change Component Library : Designator=R7 Old Library=Sang_library.SchLib New Library=EXP_HW_V3.SchLib
Change Component Library : Designator=R8 Old Library=Sang_library.SchLib New Library=EXP_HW_V3.SchLib
Change Component Library : Designator=R9 Old Library=Sang_library.SchLib New Library=EXP_HW_V3.SchLib
Change Component Library : Designator=R10 Old Library=Sang_library.SchLib New Library=EXP_HW_V3.SchLib
Change Component Library : Designator=R11 Old Library=Sang_library.SchLib New Library=EXP_HW_V3.SchLib
Change Component Library : Designator=R12 Old Library=Sang_library.SchLib New Library=EXP_HW_V3.SchLib
Change Component Library : Designator=R13 Old Library=Sang_library.SchLib New Library=EXP_HW_V3.SchLib
Change Component Library : Designator=R14 Old Library=Sang_library.SchLib New Library=EXP_HW_V3.SchLib
Change Component Library : Designator=R15 Old Library=Sang_library.SchLib New Library=EXP_HW_V3.SchLib
Change Component Library : Designator=R16 Old Library=Sang_library.SchLib New Library=EXP_HW_V3.SchLib
Change Component Library : Designator=R17 Old Library=Sang_library.SchLib New Library=EXP_HW_V3.SchLib
Change Component Library : Designator=R18 Old Library=Sang_library.SchLib New Library=EXP_HW_V3.SchLib
Change Component Library : Designator=R19 Old Library=Sang_library.SchLib New Library=EXP_HW_V3.SchLib
Change Component Library : Designator=R20 Old Library=Sang_library.SchLib New Library=EXP_HW_V3.SchLib
Change Component Library : Designator=R21 Old Library=Sang_library.SchLib New Library=EXP_HW_V3.SchLib
Change Component Library : Designator=R22 Old Library=Sang_library.SchLib New Library=EXP_HW_V3.SchLib
Change Component Library : Designator=R23 Old Library=Sang_library.SchLib New Library=EXP_HW_V3.SchLib
Change Component Library : Designator=R24 Old Library=Sang_library.SchLib New Library=EXP_HW_V3.SchLib
Change Component Library : Designator=R25 Old Library=Sang_library.SchLib New Library=EXP_HW_V3.SchLib
Change Component Library : Designator=R26 Old Library=Sang_library.SchLib New Library=EXP_HW_V3.SchLib
Change Component Library : Designator=R27 Old Library=Sang_library.SchLib New Library=EXP_HW_V3.SchLib
Change Component Library : Designator=R28 Old Library=Sang_library.SchLib New Library=EXP_HW_V3.SchLib
Change Component Library : Designator=R29 Old Library=Sang_library.SchLib New Library=EXP_HW_V3.SchLib
Change Component Library : Designator=R30 Old Library=Sang_library.SchLib New Library=EXP_HW_V3.SchLib
Change Component Library : Designator=R31 Old Library=Sang_library.SchLib New Library=EXP_HW_V3.SchLib
Change Component Library : Designator=R32 Old Library=Sang_library.SchLib New Library=EXP_HW_V3.SchLib
Change Component Library : Designator=R33 Old Library=Sang_library.SchLib New Library=EXP_HW_V3.SchLib
Change Component Library : Designator=R34 Old Library=Sang_library.SchLib New Library=EXP_HW_V3.SchLib
Change Component Library : Designator=R35 Old Library=Sang_library.SchLib New Library=EXP_HW_V3.SchLib
Change Component Library : Designator=R36 Old Library=Sang_library.SchLib New Library=EXP_HW_V3.SchLib
Change Component Library : Designator=R37 Old Library=Sang_library.SchLib New Library=EXP_HW_V3.SchLib
Change Component Library : Designator=R39 Old Library=Sang_library.SchLib New Library=EXP_HW_V3.SchLib
Change Component Library : Designator=R40 Old Library=Sang_library.SchLib New Library=EXP_HW_V3.SchLib
Change Component Library : Designator=R41 Old Library=Sang_library.SchLib New Library=EXP_HW_V3.SchLib
Change Component Library : Designator=R42 Old Library=Sang_library.SchLib New Library=EXP_HW_V3.SchLib
Change Component Library : Designator=R43 Old Library=Sang_library.SchLib New Library=EXP_HW_V3.SchLib
Change Component Library : Designator=R44 Old Library=Sang_library.SchLib New Library=EXP_HW_V3.SchLib
Change Component Library : Designator=R45 Old Library=Sang_library.SchLib New Library=EXP_HW_V3.SchLib
Change Component Library : Designator=R46 Old Library=Sang_library.SchLib New Library=EXP_HW_V3.SchLib
Change Component Library : Designator=R47 Old Library=Sang_library.SchLib New Library=EXP_HW_V3.SchLib
Change Component Library : Designator=R48 Old Library=Sang_library.SchLib New Library=EXP_HW_V3.SchLib
Change Component Library : Designator=R49 Old Library=Sang_library.SchLib New Library=EXP_HW_V3.SchLib
Change Component Library : Designator=R50 Old Library=Sang_library.SchLib New Library=EXP_HW_V3.SchLib
Change Component Library : Designator=R51 Old Library=Sang_library.SchLib New Library=EXP_HW_V3.SchLib
Change Component Library : Designator=R52 Old Library=Sang_library.SchLib New Library=EXP_HW_V3.SchLib
Change Component Library : Designator=R53 Old Library=Sang_library.SchLib New Library=EXP_HW_V3.SchLib
Change Component Library : Designator=R54 Old Library=Sang_library.SchLib New Library=EXP_HW_V3.SchLib
Change Component Library : Designator=R55 Old Library=Sang_library.SchLib New Library=EXP_HW_V3.SchLib
Change Component Library : Designator=R56 Old Library=Sang_library.SchLib New Library=EXP_HW_V3.SchLib
Change Component Library : Designator=R57 Old Library=Sang_library.SchLib New Library=EXP_HW_V3.SchLib
Change Component Library : Designator=R58 Old Library=Sang_library.SchLib New Library=EXP_HW_V3.SchLib
Change Component Library : Designator=R59 Old Library=Sang_library.SchLib New Library=EXP_HW_V3.SchLib
Change Component Library : Designator=R60 Old Library=Sang_library.SchLib New Library=EXP_HW_V3.SchLib
Change Component Library : Designator=R61 Old Library=Sang_library.SchLib New Library=EXP_HW_V3.SchLib
Change Component Library : Designator=R62 Old Library=Sang_library.SchLib New Library=EXP_HW_V3.SchLib
Change Component Library : Designator=R63 Old Library=Sang_library.SchLib New Library=EXP_HW_V3.SchLib
Change Component Library : Designator=R64 Old Library=Sang_library.SchLib New Library=EXP_HW_V3.SchLib
Change Component Library : Designator=R65 Old Library=Sang_library.SchLib New Library=EXP_HW_V3.SchLib
Change Component Library : Designator=R66 Old Library=Sang_library.SchLib New Library=EXP_HW_V3.SchLib
Change Component Library : Designator=R67 Old Library=Sang_library.SchLib New Library=EXP_HW_V3.SchLib
Change Component Library : Designator=R68 Old Library=Sang_library.SchLib New Library=EXP_HW_V3.SchLib
Change Component Library : Designator=R69 Old Library=Sang_library.SchLib New Library=EXP_HW_V3.SchLib
Change Component Library : Designator=R70 Old Library=Sang_library.SchLib New Library=EXP_HW_V3.SchLib
Change Component Library : Designator=R71 Old Library=Sang_library.SchLib New Library=EXP_HW_V3.SchLib
Change Component Library : Designator=R72 Old Library=Sang_library.SchLib New Library=EXP_HW_V3.SchLib
Change Component Library : Designator=R73 Old Library=Sang_library.SchLib New Library=EXP_HW_V3.SchLib
Change Component Library : Designator=R74 Old Library=Sang_library.SchLib New Library=EXP_HW_V3.SchLib
Change Component Library : Designator=R75 Old Library=Sang_library.SchLib New Library=EXP_HW_V3.SchLib
Change Component Library : Designator=R76 Old Library=Sang_library.SchLib New Library=EXP_HW_V3.SchLib
Change Component Library : Designator=R77 Old Library=Sang_library.SchLib New Library=EXP_HW_V3.SchLib
Change Component Library : Designator=R78 Old Library=Sang_library.SchLib New Library=EXP_HW_V3.SchLib
Change Component Library : Designator=R79 Old Library=Sang_library.SchLib New Library=EXP_HW_V3.SchLib
Change Component Library : Designator=R80 Old Library=Sang_library.SchLib New Library=EXP_HW_V3.SchLib
Change Component Library : Designator=R81 Old Library=Sang_library.SchLib New Library=EXP_HW_V3.SchLib
Change Component Library : Designator=R82 Old Library=Sang_library.SchLib New Library=EXP_HW_V3.SchLib
Change Component Library : Designator=R83 Old Library=Sang_library.SchLib New Library=EXP_HW_V3.SchLib
Change Component Library : Designator=R84 Old Library=Sang_library.SchLib New Library=EXP_HW_V3.SchLib
Change Component Library : Designator=R85 Old Library=Sang_library.SchLib New Library=EXP_HW_V3.SchLib
Change Component Library : Designator=R86 Old Library=Sang_library.SchLib New Library=EXP_HW_V3.SchLib
Change Component Library : Designator=R87 Old Library=Sang_library.SchLib New Library=EXP_HW_V3.SchLib
Change Component Library : Designator=R88 Old Library=Sang_library.SchLib New Library=EXP_HW_V3.SchLib
Change Component Library : Designator=R89 Old Library=Sang_library.SchLib New Library=EXP_HW_V3.SchLib
Change Component Library : Designator=R90 Old Library=Sang_library.SchLib New Library=EXP_HW_V3.SchLib
Change Component Library : Designator=R91 Old Library=Sang_library.SchLib New Library=EXP_HW_V3.SchLib
Change Component Library : Designator=R92 Old Library=Sang_library.SchLib New Library=EXP_HW_V3.SchLib
Change Component Library : Designator=R93 Old Library=Sang_library.SchLib New Library=EXP_HW_V3.SchLib
Change Component Library : Designator=R94 Old Library=Sang_library.SchLib New Library=EXP_HW_V3.SchLib
Change Component Library : Designator=R95 Old Library=Sang_library.SchLib New Library=EXP_HW_V3.SchLib
Change Component Library : Designator=R96 Old Library=Sang_library.SchLib New Library=EXP_HW_V3.SchLib
Change Component Library : Designator=R97 Old Library=Sang_library.SchLib New Library=EXP_HW_V3.SchLib
Change Component Library : Designator=R98 Old Library=Sang_library.SchLib New Library=EXP_HW_V3.SchLib
Change Component Library : Designator=R99 Old Library=Sang_library.SchLib New Library=EXP_HW_V3.SchLib
Change Component Library : Designator=R100 Old Library=Sang_library.SchLib New Library=EXP_HW_V3.SchLib
Change Component Library : Designator=R101 Old Library=Sang_library.SchLib New Library=EXP_HW_V3.SchLib
Change Component Library : Designator=R103 Old Library=Sang_library.SchLib New Library=EXP_HW_V3.SchLib
Change Component Library : Designator=R104 Old Library=Sang_library.SchLib New Library=EXP_HW_V3.SchLib
Change Component Library : Designator=R105 Old Library=Sang_library.SchLib New Library=EXP_HW_V3.SchLib
Change Component Library : Designator=R106 Old Library=Sang_library.SchLib New Library=EXP_HW_V3.SchLib
Change Component Library : Designator=R107 Old Library=Sang_library.SchLib New Library=EXP_HW_V3.SchLib
Change Component Library : Designator=R108 Old Library=Sang_library.SchLib New Library=EXP_HW_V3.SchLib
Change Component Library : Designator=R109 Old Library=Sang_library.SchLib New Library=EXP_HW_V3.SchLib
Change Component Library : Designator=R110 Old Library=Sang_library.SchLib New Library=EXP_HW_V3.SchLib
Change Component Library : Designator=R111 Old Library=Sang_library.SchLib New Library=EXP_HW_V3.SchLib
Change Component Library : Designator=R112 Old Library=Sang_library.SchLib New Library=EXP_HW_V3.SchLib
Change Component Library : Designator=R113 Old Library=Sang_library.SchLib New Library=EXP_HW_V3.SchLib
Change Component Library : Designator=R114 Old Library=Sang_library.SchLib New Library=EXP_HW_V3.SchLib
Change Component Library : Designator=R115 Old Library=Sang_library.SchLib New Library=EXP_HW_V3.SchLib
Change Component Library : Designator=R116 Old Library=Sang_library.SchLib New Library=EXP_HW_V3.SchLib
Change Component Library : Designator=R117 Old Library=Sang_library.SchLib New Library=EXP_HW_V3.SchLib
Change Component Library : Designator=R118 Old Library=Sang_library.SchLib New Library=EXP_HW_V3.SchLib
Change Component Library : Designator=R119 Old Library=Sang_library.SchLib New Library=EXP_HW_V3.SchLib
Change Component Library : Designator=R120 Old Library=Sang_library.SchLib New Library=EXP_HW_V3.SchLib
Change Component Library : Designator=R121 Old Library=Sang_library.SchLib New Library=EXP_HW_V3.SchLib
Change Component Library : Designator=R122 Old Library=Sang_library.SchLib New Library=EXP_HW_V3.SchLib
Change Component Library : Designator=R123 Old Library=Sang_library.SchLib New Library=EXP_HW_V3.SchLib
Change Component Library : Designator=R124 Old Library=Sang_library.SchLib New Library=EXP_HW_V3.SchLib
Change Component Library : Designator=R125 Old Library=Sang_library.SchLib New Library=EXP_HW_V3.SchLib
Change Component Library : Designator=R126 Old Library=Sang_library.SchLib New Library=EXP_HW_V3.SchLib
Change Component Library : Designator=R127 Old Library=Sang_library.SchLib New Library=EXP_HW_V3.SchLib
Change Component Library : Designator=R128 Old Library=Sang_library.SchLib New Library=EXP_HW_V3.SchLib
Change Component Library : Designator=R129 Old Library=Sang_library.SchLib New Library=EXP_HW_V3.SchLib
Change Component Library : Designator=R130 Old Library=Sang_library.SchLib New Library=EXP_HW_V3.SchLib
Change Component Library : Designator=R131 Old Library=Sang_library.SchLib New Library=EXP_HW_V3.SchLib
Change Component Library : Designator=R132 Old Library=Sang_library.SchLib New Library=EXP_HW_V3.SchLib
Change Component Library : Designator=R133 Old Library=Sang_library.SchLib New Library=EXP_HW_V3.SchLib
Change Component Library : Designator=R134 Old Library=Sang_library.SchLib New Library=EXP_HW_V3.SchLib
Change Component Library : Designator=R135 Old Library=Sang_library.SchLib New Library=EXP_HW_V3.SchLib
Change Component Library : Designator=R136 Old Library=Sang_library.SchLib New Library=EXP_HW_V3.SchLib
Change Component Library : Designator=R137 Old Library=Sang_library.SchLib New Library=EXP_HW_V3.SchLib
Change Component Library : Designator=R138 Old Library=Sang_library.SchLib New Library=EXP_HW_V3.SchLib
Change Component Library : Designator=R139 Old Library=Sang_library.SchLib New Library=EXP_HW_V3.SchLib
Change Component Library : Designator=R140 Old Library=Sang_library.SchLib New Library=EXP_HW_V3.SchLib
Change Component Library : Designator=R141 Old Library=Sang_library.SchLib New Library=EXP_HW_V3.SchLib
Change Component Library : Designator=R142 Old Library=Sang_library.SchLib New Library=EXP_HW_V3.SchLib
Change Component Library : Designator=R143 Old Library=Sang_library.SchLib New Library=EXP_HW_V3.SchLib
Change Component Library : Designator=R144 Old Library=Sang_library.SchLib New Library=EXP_HW_V3.SchLib
Change Component Library : Designator=R145 Old Library=Sang_library.SchLib New Library=EXP_HW_V3.SchLib
Change Component Library : Designator=R146 Old Library=Sang_library.SchLib New Library=EXP_HW_V3.SchLib
Change Component Library : Designator=R147 Old Library=Sang_library.SchLib New Library=EXP_HW_V3.SchLib
Change Component Library : Designator=R148 Old Library=Sang_library.SchLib New Library=EXP_HW_V3.SchLib
Change Component Library : Designator=R149 Old Library=Sang_library.SchLib New Library=EXP_HW_V3.SchLib
Change Component Library : Designator=TVS1 Old Library=Sang_library.SchLib New Library=EXP_HW_V3.SchLib
Change Component Library : Designator=TVS2 Old Library=Sang_library.SchLib New Library=EXP_HW_V3.SchLib
Change Component Library : Designator=TVS3 Old Library=Sang_library.SchLib New Library=EXP_HW_V3.SchLib
Change Component Library : Designator=TVS4 Old Library=Sang_library.SchLib New Library=EXP_HW_V3.SchLib
Change Component Library : Designator=U1 Old Library=Sang_library.SchLib New Library=EXP_HW_V3.SchLib
Change Component Library : Designator=U3 Old Library=Sang_library.SchLib New Library=EXP_HW_V3.SchLib
Change Component Library : Designator=U4 Old Library=Sang_library.SchLib New Library=EXP_HW_V3.SchLib
Change Component Library : Designator=U5 Old Library=Sang_library.SchLib New Library=EXP_HW_V3.SchLib
Change Component Library : Designator=U6 Old Library=Sang_library.SchLib New Library=EXP_HW_V3.SchLib
Change Component Library : Designator=U7 Old Library=Sang_library.SchLib New Library=EXP_HW_V3.SchLib
Change Component Library : Designator=U8 Old Library=Sang_library.SchLib New Library=EXP_HW_V3.SchLib
Change Component Library : Designator=U10 Old Library=Sang_library.SchLib New Library=EXP_HW_V3.SchLib
Change Component Library : Designator=U13 Old Library=Sang_library.SchLib New Library=EXP_HW_V3.SchLib
Change Component Library : Designator=U14 Old Library=Sang_library.SchLib New Library=EXP_HW_V3.SchLib
Change Component Library : Designator=U15 Old Library=Sang_library.SchLib New Library=EXP_HW_V3.SchLib
Change Component Library : Designator=U16 Old Library=Sang_library.SchLib New Library=EXP_HW_V3.SchLib
Change Component Library : Designator=U17 Old Library=Sang_library.SchLib New Library=EXP_HW_V3.SchLib
Change Component Library : Designator=U18 Old Library=Sang_library.SchLib New Library=EXP_HW_V3.SchLib
Change Component Library : Designator=U19 Old Library=Sang_library.SchLib New Library=EXP_HW_V3.SchLib
Change Component Library : Designator=U20 Old Library=Sang_library.SchLib New Library=EXP_HW_V3.SchLib
Change Component Library : Designator=U21 Old Library=Sang_library.SchLib New Library=EXP_HW_V3.SchLib
