Change Component DesignItemId : Designator=D5 Old DesignItemId= New DesignItemId=1N4148-W-7
Change Component DesignItemId : Designator=U10 Old DesignItemId= New DesignItemId=ADUM1250
Change Component DesignItemId : Designator=U19 Old DesignItemId= New DesignItemId=AL8843SP-13
Change Component DesignItemId : Designator=Q1 Old DesignItemId= New DesignItemId=AO3400A
Change Component DesignItemId : Designator=Q2 Old DesignItemId= New DesignItemId=AO3400A
Change Component DesignItemId : Designator=Q3 Old DesignItemId= New DesignItemId=AO3400A
Change Component DesignItemId : Designator=Q4 Old DesignItemId= New DesignItemId=AO3400A
Change Component DesignItemId : Designator=D1 Old DesignItemId= New DesignItemId=B360B-E3/52T
Change Component DesignItemId : Designator=D2 Old DesignItemId= New DesignItemId=B360B-E3/52T
Change Component DesignItemId : Designator=D3 Old DesignItemId= New DesignItemId=B360B-E3/52T
Change Component DesignItemId : Designator=D4 Old DesignItemId= New DesignItemId=B360B-E3/52T
Change Component DesignItemId : Designator=C1 Old DesignItemId= New DesignItemId=Cap_Tantalum SMD
Change Component DesignItemId : Designator=C2 Old DesignItemId= New DesignItemId=Cap_Tantalum SMD
Change Component DesignItemId : Designator=C8 Old DesignItemId= New DesignItemId=Cap_Tantalum SMD
Change Component DesignItemId : Designator=C9 Old DesignItemId= New DesignItemId=Cap_Tantalum SMD
Change Component DesignItemId : Designator=C12 Old DesignItemId= New DesignItemId=Cap_Tantalum SMD
Change Component DesignItemId : Designator=C13 Old DesignItemId= New DesignItemId=Cap_Tantalum SMD
Change Component DesignItemId : Designator=C17 Old DesignItemId= New DesignItemId=Cap_Tantalum SMD
Change Component DesignItemId : Designator=C18 Old DesignItemId= New DesignItemId=Cap_Tantalum SMD
Change Component DesignItemId : Designator=C3 Old DesignItemId= New DesignItemId=Capacitors
Change Component DesignItemId : Designator=C4 Old DesignItemId= New DesignItemId=Capacitors
Change Component DesignItemId : Designator=C5 Old DesignItemId= New DesignItemId=Capacitors
Change Component DesignItemId : Designator=C6 Old DesignItemId= New DesignItemId=Capacitors
Change Component DesignItemId : Designator=C7 Old DesignItemId= New DesignItemId=Capacitors
Change Component DesignItemId : Designator=C10 Old DesignItemId= New DesignItemId=Capacitors
Change Component DesignItemId : Designator=C11 Old DesignItemId= New DesignItemId=Capacitors
Change Component DesignItemId : Designator=C14 Old DesignItemId= New DesignItemId=Capacitors
Change Component DesignItemId : Designator=C15 Old DesignItemId= New DesignItemId=Capacitors
Change Component DesignItemId : Designator=C16 Old DesignItemId= New DesignItemId=Capacitors
Change Component DesignItemId : Designator=C19 Old DesignItemId= New DesignItemId=Capacitors
Change Component DesignItemId : Designator=C20 Old DesignItemId= New DesignItemId=Capacitors
Change Component DesignItemId : Designator=C21 Old DesignItemId= New DesignItemId=Capacitors
Change Component DesignItemId : Designator=C22 Old DesignItemId= New DesignItemId=Capacitors
Change Component DesignItemId : Designator=C23 Old DesignItemId= New DesignItemId=Capacitors
Change Component DesignItemId : Designator=C24 Old DesignItemId= New DesignItemId=Capacitors
Change Component DesignItemId : Designator=C25 Old DesignItemId= New DesignItemId=Capacitors
Change Component DesignItemId : Designator=C26 Old DesignItemId= New DesignItemId=Capacitors
Change Component DesignItemId : Designator=C27 Old DesignItemId= New DesignItemId=Capacitors
Change Component DesignItemId : Designator=C28 Old DesignItemId= New DesignItemId=Capacitors
Change Component DesignItemId : Designator=C29 Old DesignItemId= New DesignItemId=Capacitors
Change Component DesignItemId : Designator=C30 Old DesignItemId= New DesignItemId=Capacitors
Change Component DesignItemId : Designator=C31 Old DesignItemId= New DesignItemId=Capacitors
Change Component DesignItemId : Designator=C32 Old DesignItemId= New DesignItemId=Capacitors
Change Component DesignItemId : Designator=C33 Old DesignItemId= New DesignItemId=Capacitors
Change Component DesignItemId : Designator=C34 Old DesignItemId= New DesignItemId=Capacitors
Change Component DesignItemId : Designator=C35 Old DesignItemId= New DesignItemId=Capacitors
Change Component DesignItemId : Designator=C36 Old DesignItemId= New DesignItemId=Capacitors
Change Component DesignItemId : Designator=C37 Old DesignItemId= New DesignItemId=Capacitors
Change Component DesignItemId : Designator=C38 Old DesignItemId= New DesignItemId=Capacitors
Change Component DesignItemId : Designator=C39 Old DesignItemId= New DesignItemId=Capacitors
Change Component DesignItemId : Designator=C40 Old DesignItemId= New DesignItemId=Capacitors
Change Component DesignItemId : Designator=C41 Old DesignItemId= New DesignItemId=Capacitors
Change Component DesignItemId : Designator=C42 Old DesignItemId= New DesignItemId=Capacitors
Change Component DesignItemId : Designator=C43 Old DesignItemId= New DesignItemId=Capacitors
Change Component DesignItemId : Designator=C44 Old DesignItemId= New DesignItemId=Capacitors
Change Component DesignItemId : Designator=C45 Old DesignItemId= New DesignItemId=Capacitors
Change Component DesignItemId : Designator=C46 Old DesignItemId= New DesignItemId=Capacitors
Change Component DesignItemId : Designator=C47 Old DesignItemId= New DesignItemId=Capacitors
Change Component DesignItemId : Designator=C48 Old DesignItemId= New DesignItemId=Capacitors
Change Component DesignItemId : Designator=C49 Old DesignItemId= New DesignItemId=Capacitors
Change Component DesignItemId : Designator=C50 Old DesignItemId= New DesignItemId=Capacitors
Change Component DesignItemId : Designator=C51 Old DesignItemId= New DesignItemId=Capacitors
Change Component DesignItemId : Designator=C52 Old DesignItemId= New DesignItemId=Capacitors
Change Component DesignItemId : Designator=C53 Old DesignItemId= New DesignItemId=Capacitors
Change Component DesignItemId : Designator=C54 Old DesignItemId= New DesignItemId=Capacitors
Change Component DesignItemId : Designator=C55 Old DesignItemId= New DesignItemId=Capacitors
Change Component DesignItemId : Designator=C56 Old DesignItemId= New DesignItemId=Capacitors
Change Component DesignItemId : Designator=C57 Old DesignItemId= New DesignItemId=Capacitors
Change Component DesignItemId : Designator=C58 Old DesignItemId= New DesignItemId=Capacitors
Change Component DesignItemId : Designator=C59 Old DesignItemId= New DesignItemId=Capacitors
Change Component DesignItemId : Designator=C60 Old DesignItemId= New DesignItemId=Capacitors
Change Component DesignItemId : Designator=C61 Old DesignItemId= New DesignItemId=Capacitors
Change Component DesignItemId : Designator=C62 Old DesignItemId= New DesignItemId=Capacitors
Change Component DesignItemId : Designator=C63 Old DesignItemId= New DesignItemId=Capacitors
Change Component DesignItemId : Designator=C64 Old DesignItemId= New DesignItemId=Capacitors
Change Component DesignItemId : Designator=C65 Old DesignItemId= New DesignItemId=Capacitors
Change Component DesignItemId : Designator=C66 Old DesignItemId= New DesignItemId=Capacitors
Change Component DesignItemId : Designator=C67 Old DesignItemId= New DesignItemId=Capacitors
Change Component DesignItemId : Designator=C68 Old DesignItemId= New DesignItemId=Capacitors
Change Component DesignItemId : Designator=C69 Old DesignItemId= New DesignItemId=Capacitors
Change Component DesignItemId : Designator=C70 Old DesignItemId= New DesignItemId=Capacitors
Change Component DesignItemId : Designator=C71 Old DesignItemId= New DesignItemId=Capacitors
Change Component DesignItemId : Designator=C72 Old DesignItemId= New DesignItemId=Capacitors
Change Component DesignItemId : Designator=C73 Old DesignItemId= New DesignItemId=Capacitors
Change Component DesignItemId : Designator=C74 Old DesignItemId= New DesignItemId=Capacitors
Change Component DesignItemId : Designator=C75 Old DesignItemId= New DesignItemId=Capacitors
Change Component DesignItemId : Designator=C76 Old DesignItemId= New DesignItemId=Capacitors
Change Component DesignItemId : Designator=C77 Old DesignItemId= New DesignItemId=Capacitors
Change Component DesignItemId : Designator=C78 Old DesignItemId= New DesignItemId=Capacitors
Change Component DesignItemId : Designator=C79 Old DesignItemId= New DesignItemId=Capacitors
Change Component DesignItemId : Designator=C80 Old DesignItemId= New DesignItemId=Capacitors
Change Component DesignItemId : Designator=C81 Old DesignItemId= New DesignItemId=Capacitors
Change Component DesignItemId : Designator=C82 Old DesignItemId= New DesignItemId=Capacitors
Change Component DesignItemId : Designator=C83 Old DesignItemId= New DesignItemId=Capacitors
Change Component DesignItemId : Designator=C84 Old DesignItemId= New DesignItemId=Capacitors
Change Component DesignItemId : Designator=C85 Old DesignItemId= New DesignItemId=Capacitors
Change Component DesignItemId : Designator=C86 Old DesignItemId= New DesignItemId=Capacitors
Change Component DesignItemId : Designator=C87 Old DesignItemId= New DesignItemId=Capacitors
Change Component DesignItemId : Designator=C88 Old DesignItemId= New DesignItemId=Capacitors
Change Component DesignItemId : Designator=C89 Old DesignItemId= New DesignItemId=Capacitors
Change Component DesignItemId : Designator=C90 Old DesignItemId= New DesignItemId=Capacitors
Change Component DesignItemId : Designator=C91 Old DesignItemId= New DesignItemId=Capacitors
Change Component DesignItemId : Designator=C92 Old DesignItemId= New DesignItemId=Capacitors
Change Component DesignItemId : Designator=C93 Old DesignItemId= New DesignItemId=Capacitors
Change Component DesignItemId : Designator=C94 Old DesignItemId= New DesignItemId=Capacitors
Change Component DesignItemId : Designator=C95 Old DesignItemId= New DesignItemId=Capacitors
Change Component DesignItemId : Designator=C96 Old DesignItemId= New DesignItemId=Capacitors
Change Component DesignItemId : Designator=C97 Old DesignItemId= New DesignItemId=Capacitors
Change Component DesignItemId : Designator=C98 Old DesignItemId= New DesignItemId=Capacitors
Change Component DesignItemId : Designator=C99 Old DesignItemId= New DesignItemId=Capacitors
Change Component DesignItemId : Designator=C100 Old DesignItemId= New DesignItemId=Capacitors
Change Component DesignItemId : Designator=C101 Old DesignItemId= New DesignItemId=Capacitors
Change Component DesignItemId : Designator=C102 Old DesignItemId= New DesignItemId=Capacitors
Change Component DesignItemId : Designator=C103 Old DesignItemId= New DesignItemId=Capacitors
Change Component DesignItemId : Designator=C104 Old DesignItemId= New DesignItemId=Capacitors
Change Component DesignItemId : Designator=C105 Old DesignItemId= New DesignItemId=Capacitors
Change Component DesignItemId : Designator=C106 Old DesignItemId= New DesignItemId=Capacitors
Change Component DesignItemId : Designator=C107 Old DesignItemId= New DesignItemId=Capacitors
Change Component DesignItemId : Designator=C108 Old DesignItemId= New DesignItemId=Capacitors
Change Component DesignItemId : Designator=C109 Old DesignItemId= New DesignItemId=Capacitors
Change Component DesignItemId : Designator=C110 Old DesignItemId= New DesignItemId=Capacitors
Change Component DesignItemId : Designator=C111 Old DesignItemId= New DesignItemId=Capacitors
Change Component DesignItemId : Designator=C112 Old DesignItemId= New DesignItemId=Capacitors
Change Component DesignItemId : Designator=C113 Old DesignItemId= New DesignItemId=Capacitors
Change Component DesignItemId : Designator=C114 Old DesignItemId= New DesignItemId=Capacitors
Change Component DesignItemId : Designator=C115 Old DesignItemId= New DesignItemId=Capacitors
Change Component DesignItemId : Designator=C116 Old DesignItemId= New DesignItemId=Capacitors
Change Component DesignItemId : Designator=C121 Old DesignItemId= New DesignItemId=Capacitors
Change Component DesignItemId : Designator=C122 Old DesignItemId= New DesignItemId=Capacitors
Change Component DesignItemId : Designator=C123 Old DesignItemId= New DesignItemId=Capacitors
Change Component DesignItemId : Designator=C124 Old DesignItemId= New DesignItemId=Capacitors
Change Component DesignItemId : Designator=C125 Old DesignItemId= New DesignItemId=Capacitors
Change Component DesignItemId : Designator=C126 Old DesignItemId= New DesignItemId=Capacitors
Change Component DesignItemId : Designator=C127 Old DesignItemId= New DesignItemId=Capacitors
Change Component DesignItemId : Designator=C128 Old DesignItemId= New DesignItemId=Capacitors
Change Component DesignItemId : Designator=C129 Old DesignItemId= New DesignItemId=Capacitors
Change Component DesignItemId : Designator=C130 Old DesignItemId= New DesignItemId=Capacitors
Change Component DesignItemId : Designator=C131 Old DesignItemId= New DesignItemId=Capacitors
Change Component DesignItemId : Designator=C132 Old DesignItemId= New DesignItemId=Capacitors
Change Component DesignItemId : Designator=C133 Old DesignItemId= New DesignItemId=Capacitors
Change Component DesignItemId : Designator=C134 Old DesignItemId= New DesignItemId=Capacitors
Change Component DesignItemId : Designator=C135 Old DesignItemId= New DesignItemId=Capacitors
Change Component DesignItemId : Designator=C136 Old DesignItemId= New DesignItemId=Capacitors
Change Component DesignItemId : Designator=C137 Old DesignItemId= New DesignItemId=Capacitors
Change Component DesignItemId : Designator=C138 Old DesignItemId= New DesignItemId=Capacitors
Change Component DesignItemId : Designator=C139 Old DesignItemId= New DesignItemId=Capacitors
Change Component DesignItemId : Designator=C140 Old DesignItemId= New DesignItemId=Capacitors
Change Component DesignItemId : Designator=C141 Old DesignItemId= New DesignItemId=Capacitors
Change Component DesignItemId : Designator=C142 Old DesignItemId= New DesignItemId=Capacitors
Change Component DesignItemId : Designator=C143 Old DesignItemId= New DesignItemId=Capacitors
Change Component DesignItemId : Designator=C144 Old DesignItemId= New DesignItemId=Capacitors
Change Component DesignItemId : Designator=C145 Old DesignItemId= New DesignItemId=Capacitors
Change Component DesignItemId : Designator=C146 Old DesignItemId= New DesignItemId=Capacitors
Change Component DesignItemId : Designator=C148 Old DesignItemId= New DesignItemId=Capacitors
Change Component DesignItemId : Designator=C149 Old DesignItemId= New DesignItemId=Capacitors
Change Component DesignItemId : Designator=C150 Old DesignItemId= New DesignItemId=Capacitors
Change Component DesignItemId : Designator=C151 Old DesignItemId= New DesignItemId=Capacitors
Change Component DesignItemId : Designator=C154 Old DesignItemId= New DesignItemId=Capacitors
Change Component DesignItemId : Designator=C155 Old DesignItemId= New DesignItemId=Capacitors
Change Component DesignItemId : Designator=C156 Old DesignItemId= New DesignItemId=Capacitors
Change Component DesignItemId : Designator=Hole1 Old DesignItemId= New DesignItemId=hole_space
Change Component DesignItemId : Designator=Hole2 Old DesignItemId= New DesignItemId=hole_space
Change Component DesignItemId : Designator=Hole3 Old DesignItemId= New DesignItemId=hole_space
Change Component DesignItemId : Designator=Hole4 Old DesignItemId= New DesignItemId=hole_space
Change Component DesignItemId : Designator=J11 Old DesignItemId= New DesignItemId=JP3
Change Component DesignItemId : Designator=J6 Old DesignItemId= New DesignItemId=JP5
Change Component DesignItemId : Designator=L2 Old DesignItemId= New DesignItemId=L-SMD-1
Change Component DesignItemId : Designator=L3 Old DesignItemId= New DesignItemId=L-SMD-1
Change Component DesignItemId : Designator=L4 Old DesignItemId= New DesignItemId=L-SMD-1
Change Component DesignItemId : Designator=L5 Old DesignItemId= New DesignItemId=L-SMD-1
Change Component DesignItemId : Designator=L6 Old DesignItemId= New DesignItemId=L-SMD-1
Change Component DesignItemId : Designator=L7 Old DesignItemId= New DesignItemId=L-SMD-1
Change Component DesignItemId : Designator=DS1 Old DesignItemId= New DesignItemId=LED SMD
Change Component DesignItemId : Designator=DS2 Old DesignItemId= New DesignItemId=LED SMD
Change Component DesignItemId : Designator=DS3 Old DesignItemId= New DesignItemId=LED SMD
Change Component DesignItemId : Designator=DS4 Old DesignItemId= New DesignItemId=LED SMD
Change Component DesignItemId : Designator=DS5 Old DesignItemId= New DesignItemId=LED SMD
Change Component DesignItemId : Designator=DS6 Old DesignItemId= New DesignItemId=LED SMD
Change Component DesignItemId : Designator=U5 Old DesignItemId= New DesignItemId=LT8722
Change Component DesignItemId : Designator=U6 Old DesignItemId= New DesignItemId=LT8722
Change Component DesignItemId : Designator=U7 Old DesignItemId= New DesignItemId=LT8722
Change Component DesignItemId : Designator=U8 Old DesignItemId= New DesignItemId=LT8722
Change Component DesignItemId : Designator=U13 Old DesignItemId= New DesignItemId=OPA2340UA/2K5
Change Component DesignItemId : Designator=U14 Old DesignItemId= New DesignItemId=OPA2340UA/2K5
Change Component DesignItemId : Designator=U15 Old DesignItemId= New DesignItemId=OPA2340UA/2K5
Change Component DesignItemId : Designator=U16 Old DesignItemId= New DesignItemId=OPA2340UA/2K5
Change Component DesignItemId : Designator=R1 Old DesignItemId= New DesignItemId=Res SMD
Change Component DesignItemId : Designator=R2 Old DesignItemId= New DesignItemId=Res SMD
Change Component DesignItemId : Designator=R3 Old DesignItemId= New DesignItemId=Res SMD
Change Component DesignItemId : Designator=R4 Old DesignItemId= New DesignItemId=Res SMD
Change Component DesignItemId : Designator=R5 Old DesignItemId= New DesignItemId=Res SMD
Change Component DesignItemId : Designator=R6 Old DesignItemId= New DesignItemId=Res SMD
Change Component DesignItemId : Designator=R7 Old DesignItemId= New DesignItemId=Res SMD
Change Component DesignItemId : Designator=R9 Old DesignItemId= New DesignItemId=Res SMD
Change Component DesignItemId : Designator=R10 Old DesignItemId= New DesignItemId=Res SMD
Change Component DesignItemId : Designator=R11 Old DesignItemId= New DesignItemId=Res SMD
Change Component DesignItemId : Designator=R12 Old DesignItemId= New DesignItemId=Res SMD
Change Component DesignItemId : Designator=R13 Old DesignItemId= New DesignItemId=Res SMD
Change Component DesignItemId : Designator=R14 Old DesignItemId= New DesignItemId=Res SMD
Change Component DesignItemId : Designator=R15 Old DesignItemId= New DesignItemId=Res SMD
Change Component DesignItemId : Designator=R16 Old DesignItemId= New DesignItemId=Res SMD
Change Component DesignItemId : Designator=R17 Old DesignItemId= New DesignItemId=Res SMD
Change Component DesignItemId : Designator=R18 Old DesignItemId= New DesignItemId=Res SMD
Change Component DesignItemId : Designator=R19 Old DesignItemId= New DesignItemId=Res SMD
Change Component DesignItemId : Designator=R20 Old DesignItemId= New DesignItemId=Res SMD
Change Component DesignItemId : Designator=R21 Old DesignItemId= New DesignItemId=Res SMD
Change Component DesignItemId : Designator=R22 Old DesignItemId= New DesignItemId=Res SMD
Change Component DesignItemId : Designator=R23 Old DesignItemId= New DesignItemId=Res SMD
Change Component DesignItemId : Designator=R24 Old DesignItemId= New DesignItemId=Res SMD
Change Component DesignItemId : Designator=R25 Old DesignItemId= New DesignItemId=Res SMD
Change Component DesignItemId : Designator=R26 Old DesignItemId= New DesignItemId=Res SMD
Change Component DesignItemId : Designator=R27 Old DesignItemId= New DesignItemId=Res SMD
Change Component DesignItemId : Designator=R28 Old DesignItemId= New DesignItemId=Res SMD
Change Component DesignItemId : Designator=R29 Old DesignItemId= New DesignItemId=Res SMD
Change Component DesignItemId : Designator=R30 Old DesignItemId= New DesignItemId=Res SMD
Change Component DesignItemId : Designator=R31 Old DesignItemId= New DesignItemId=Res SMD
Change Component DesignItemId : Designator=R32 Old DesignItemId= New DesignItemId=Res SMD
Change Component DesignItemId : Designator=R33 Old DesignItemId= New DesignItemId=Res SMD
Change Component DesignItemId : Designator=R34 Old DesignItemId= New DesignItemId=Res SMD
Change Component DesignItemId : Designator=R35 Old DesignItemId= New DesignItemId=Res SMD
Change Component DesignItemId : Designator=R36 Old DesignItemId= New DesignItemId=Res SMD
Change Component DesignItemId : Designator=R37 Old DesignItemId= New DesignItemId=Res SMD
Change Component DesignItemId : Designator=R39 Old DesignItemId= New DesignItemId=Res SMD
Change Component DesignItemId : Designator=R40 Old DesignItemId= New DesignItemId=Res SMD
Change Component DesignItemId : Designator=R41 Old DesignItemId= New DesignItemId=Res SMD
Change Component DesignItemId : Designator=R42 Old DesignItemId= New DesignItemId=Res SMD
Change Component DesignItemId : Designator=R43 Old DesignItemId= New DesignItemId=Res SMD
Change Component DesignItemId : Designator=R44 Old DesignItemId= New DesignItemId=Res SMD
Change Component DesignItemId : Designator=R45 Old DesignItemId= New DesignItemId=Res SMD
Change Component DesignItemId : Designator=R46 Old DesignItemId= New DesignItemId=Res SMD
Change Component DesignItemId : Designator=R47 Old DesignItemId= New DesignItemId=Res SMD
Change Component DesignItemId : Designator=R48 Old DesignItemId= New DesignItemId=Res SMD
Change Component DesignItemId : Designator=R49 Old DesignItemId= New DesignItemId=Res SMD
Change Component DesignItemId : Designator=R50 Old DesignItemId= New DesignItemId=Res SMD
Change Component DesignItemId : Designator=R51 Old DesignItemId= New DesignItemId=Res SMD
Change Component DesignItemId : Designator=R52 Old DesignItemId= New DesignItemId=Res SMD
Change Component DesignItemId : Designator=R53 Old DesignItemId= New DesignItemId=Res SMD
Change Component DesignItemId : Designator=R54 Old DesignItemId= New DesignItemId=Res SMD
Change Component DesignItemId : Designator=R55 Old DesignItemId= New DesignItemId=Res SMD
Change Component DesignItemId : Designator=R56 Old DesignItemId= New DesignItemId=Res SMD
Change Component DesignItemId : Designator=R57 Old DesignItemId= New DesignItemId=Res SMD
Change Component DesignItemId : Designator=R58 Old DesignItemId= New DesignItemId=Res SMD
Change Component DesignItemId : Designator=R59 Old DesignItemId= New DesignItemId=Res SMD
Change Component DesignItemId : Designator=R60 Old DesignItemId= New DesignItemId=Res SMD
Change Component DesignItemId : Designator=R61 Old DesignItemId= New DesignItemId=Res SMD
Change Component DesignItemId : Designator=R62 Old DesignItemId= New DesignItemId=Res SMD
Change Component DesignItemId : Designator=R63 Old DesignItemId= New DesignItemId=Res SMD
Change Component DesignItemId : Designator=R64 Old DesignItemId= New DesignItemId=Res SMD
Change Component DesignItemId : Designator=R65 Old DesignItemId= New DesignItemId=Res SMD
Change Component DesignItemId : Designator=R66 Old DesignItemId= New DesignItemId=Res SMD
Change Component DesignItemId : Designator=R67 Old DesignItemId= New DesignItemId=Res SMD
Change Component DesignItemId : Designator=R68 Old DesignItemId= New DesignItemId=Res SMD
Change Component DesignItemId : Designator=R69 Old DesignItemId= New DesignItemId=Res SMD
Change Component DesignItemId : Designator=R70 Old DesignItemId= New DesignItemId=Res SMD
Change Component DesignItemId : Designator=R71 Old DesignItemId= New DesignItemId=Res SMD
Change Component DesignItemId : Designator=R72 Old DesignItemId= New DesignItemId=Res SMD
Change Component DesignItemId : Designator=R73 Old DesignItemId= New DesignItemId=Res SMD
Change Component DesignItemId : Designator=R74 Old DesignItemId= New DesignItemId=Res SMD
Change Component DesignItemId : Designator=R75 Old DesignItemId= New DesignItemId=Res SMD
Change Component DesignItemId : Designator=R76 Old DesignItemId= New DesignItemId=Res SMD
Change Component DesignItemId : Designator=R77 Old DesignItemId= New DesignItemId=Res SMD
Change Component DesignItemId : Designator=R78 Old DesignItemId= New DesignItemId=Res SMD
Change Component DesignItemId : Designator=R79 Old DesignItemId= New DesignItemId=Res SMD
Change Component DesignItemId : Designator=R80 Old DesignItemId= New DesignItemId=Res SMD
Change Component DesignItemId : Designator=R81 Old DesignItemId= New DesignItemId=Res SMD
Change Component DesignItemId : Designator=R82 Old DesignItemId= New DesignItemId=Res SMD
Change Component DesignItemId : Designator=R83 Old DesignItemId= New DesignItemId=Res SMD
Change Component DesignItemId : Designator=R84 Old DesignItemId= New DesignItemId=Res SMD
Change Component DesignItemId : Designator=R85 Old DesignItemId= New DesignItemId=Res SMD
Change Component DesignItemId : Designator=R86 Old DesignItemId= New DesignItemId=Res SMD
Change Component DesignItemId : Designator=R87 Old DesignItemId= New DesignItemId=Res SMD
Change Component DesignItemId : Designator=R88 Old DesignItemId= New DesignItemId=Res SMD
Change Component DesignItemId : Designator=R89 Old DesignItemId= New DesignItemId=Res SMD
Change Component DesignItemId : Designator=R103 Old DesignItemId= New DesignItemId=Res SMD
Change Component DesignItemId : Designator=R104 Old DesignItemId= New DesignItemId=Res SMD
Change Component DesignItemId : Designator=R105 Old DesignItemId= New DesignItemId=Res SMD
Change Component DesignItemId : Designator=R106 Old DesignItemId= New DesignItemId=Res SMD
Change Component DesignItemId : Designator=R107 Old DesignItemId= New DesignItemId=Res SMD
Change Component DesignItemId : Designator=R108 Old DesignItemId= New DesignItemId=Res SMD
Change Component DesignItemId : Designator=R109 Old DesignItemId= New DesignItemId=Res SMD
Change Component DesignItemId : Designator=R110 Old DesignItemId= New DesignItemId=Res SMD
Change Component DesignItemId : Designator=R111 Old DesignItemId= New DesignItemId=Res SMD
Change Component DesignItemId : Designator=R112 Old DesignItemId= New DesignItemId=Res SMD
Change Component DesignItemId : Designator=R113 Old DesignItemId= New DesignItemId=Res SMD
Change Component DesignItemId : Designator=R114 Old DesignItemId= New DesignItemId=Res SMD
Change Component DesignItemId : Designator=R115 Old DesignItemId= New DesignItemId=Res SMD
Change Component DesignItemId : Designator=R116 Old DesignItemId= New DesignItemId=Res SMD
Change Component DesignItemId : Designator=R117 Old DesignItemId= New DesignItemId=Res SMD
Change Component DesignItemId : Designator=R118 Old DesignItemId= New DesignItemId=Res SMD
Change Component DesignItemId : Designator=R119 Old DesignItemId= New DesignItemId=Res SMD
Change Component DesignItemId : Designator=R135 Old DesignItemId= New DesignItemId=Res SMD
Change Component DesignItemId : Designator=R136 Old DesignItemId= New DesignItemId=Res SMD
Change Component DesignItemId : Designator=R137 Old DesignItemId= New DesignItemId=Res SMD
Change Component DesignItemId : Designator=R138 Old DesignItemId= New DesignItemId=Res SMD
Change Component DesignItemId : Designator=R139 Old DesignItemId= New DesignItemId=Res SMD
Change Component DesignItemId : Designator=R140 Old DesignItemId= New DesignItemId=Res SMD
Change Component DesignItemId : Designator=R141 Old DesignItemId= New DesignItemId=Res SMD
Change Component DesignItemId : Designator=R142 Old DesignItemId= New DesignItemId=Res SMD
Change Component DesignItemId : Designator=R143 Old DesignItemId= New DesignItemId=Res SMD
Change Component DesignItemId : Designator=R144 Old DesignItemId= New DesignItemId=Res SMD
Change Component DesignItemId : Designator=R145 Old DesignItemId= New DesignItemId=Res SMD
Change Component DesignItemId : Designator=R146 Old DesignItemId= New DesignItemId=Res SMD
Change Component DesignItemId : Designator=R147 Old DesignItemId= New DesignItemId=Res SMD
Change Component DesignItemId : Designator=R148 Old DesignItemId= New DesignItemId=Res SMD
Change Component DesignItemId : Designator=R149 Old DesignItemId= New DesignItemId=Res SMD
Change Component DesignItemId : Designator=U20 Old DesignItemId= New DesignItemId=STM32F407VGT7
Change Component DesignItemId : Designator=BT1 Old DesignItemId= New DesignItemId=SW2
Change Component DesignItemId : Designator=U21 Old DesignItemId= New DesignItemId=TPL5010DDCR
Change Component DesignItemId : Designator=U4 Old DesignItemId= New DesignItemId=TPS7A4533DCQR
Change Component DesignItemId : Designator=U1 Old DesignItemId= New DesignItemId=TPS259470ARPWR
Change Component DesignItemId : Designator=U3 Old DesignItemId= New DesignItemId=TPS259470ARPWR
Change Component DesignItemId : Designator=TVS1 Old DesignItemId= New DesignItemId=TVS2200
Change Component DesignItemId : Designator=TVS2 Old DesignItemId= New DesignItemId=TVS2200
Change Footprint: Footprint Not Found DO214-AC-SMA
Change Footprint: Footprint Not Found DO214-AC-SMA
Change Footprint: Footprint Not Found DO214-AC-SMA
Change Footprint: Footprint Not Found DO214-AC-SMA
Change Component Footprint: Designator=JP1 Old Footprint=JUMPER-EXP-V110 New Footprint=JUMPER
Change Component Footprint: Designator=JP2 Old Footprint=JUMPER-EXP-V110 New Footprint=JUMPER
Change Footprint: Footprint Not Found L-SMD-M-3.5x3.5x2mm
Change Footprint: Footprint Not Found L-SMD-M-3.5x3.5x2mm
Change Footprint: Footprint Not Found L-SMD-M-3.5x3.5x2mm
Change Footprint: Footprint Not Found L-SMD-M-3.5x3.5x2mm
Change Component Footprint: Designator=DS1 Old Footprint=LED-0603-BLUE-EXP-V110 New Footprint=LED-0603-BLUE
Change Component Footprint: Designator=DS2 Old Footprint=LED-0603-BLUE-EXP-V110 New Footprint=LED-0603-BLUE
Change Component Footprint: Designator=DS3 Old Footprint=LED-0603-BLUE-EXP-V110 New Footprint=LED-0603-BLUE
Change Component Footprint: Designator=DS4 Old Footprint=LED-0603-BLUE-EXP-V110 New Footprint=LED-0603-BLUE
Change Component Footprint: Designator=DS5 Old Footprint=LED-0603-BLUE-EXP-V110 New Footprint=LED-0603-BLUE
Change Component Footprint: Designator=DS6 Old Footprint=LED-0603-BLUE-EXP-V110 New Footprint=LED-0603-BLUE
Change Component Footprint: Designator=D5 Old Footprint=SOD-123-EXP-V110 New Footprint=SOD-123
Change Component Footprint: Designator=C1 Old Footprint=TANTALUM-SMD-1206-EXP-V110 New Footprint=TANTALUM-SMD-1206
Change Component Footprint: Designator=C2 Old Footprint=TANTALUM-SMD-1206-EXP-V110 New Footprint=TANTALUM-SMD-1206
Change Component Footprint: Designator=C8 Old Footprint=TANTALUM-SMD-1206-EXP-V110 New Footprint=TANTALUM-SMD-1206
Change Component Footprint: Designator=C9 Old Footprint=TANTALUM-SMD-1206-EXP-V110 New Footprint=TANTALUM-SMD-1206
Change Component Footprint: Designator=C12 Old Footprint=TANTALUM-SMD-1206-EXP-V110 New Footprint=TANTALUM-SMD-1206
Change Component Footprint: Designator=C13 Old Footprint=TANTALUM-SMD-1206-EXP-V110 New Footprint=TANTALUM-SMD-1206
Change Component Footprint: Designator=C17 Old Footprint=TANTALUM-SMD-1206-EXP-V110 New Footprint=TANTALUM-SMD-1206
Change Component Footprint: Designator=C18 Old Footprint=TANTALUM-SMD-1206-EXP-V110 New Footprint=TANTALUM-SMD-1206
