Added Component: Designator=C75(CAP_C_1608X80)
Add component (AddParameter): Name = "Value"; Value = "33pF"; VariantName = "[No Variations]"
Added Component: Designator=C76(CAP_C_1608X80)
Add component (AddParameter): Name = "Value"; Value = "33pF"; VariantName = "[No Variations]"
Added Component: Designator=C77(CAP_C_1608X80)
Add component (AddParameter): Name = "Value"; Value = "33pF"; VariantName = "[No Variations]"
Added Component: Designator=C78(CAP_C_1608X80)
Add component (AddParameter): Name = "Value"; Value = "33pF"; VariantName = "[No Variations]"
Added Component: Designator=C79(CAP_C_1608X80)
Add component (AddParameter): Name = "Value"; Value = "33pF"; VariantName = "[No Variations]"
Added Component: Designator=C80(CAP_C_1608X80)
Add component (AddParameter): Name = "Value"; Value = "33pF"; VariantName = "[No Variations]"
Added Component: Designator=C81(CAP_C_1608X80)
Add component (AddParameter): Name = "Value"; Value = "33pF"; VariantName = "[No Variations]"
Added Component: Designator=C82(CAP_C_1608X80)
Add component (AddParameter): Name = "Value"; Value = "33pF"; VariantName = "[No Variations]"
Added Component: Designator=R134(RES_C_1608X60)
Add component (AddParameter): Name = "Class"; Value = "Passive"; VariantName = "[No Variations]"
Add component (AddParameter): Name = "Manufacturer"; Value = "Generic Components"; VariantName = "[No Variations]"
Add component (AddParameter): Name = "Published"; Value = "08/06/2000"; VariantName = "[No Variations]"
Add component (AddParameter): Name = "Publisher"; Value = "Altium Hobart Technology Centre"; VariantName = "[No Variations]"
Added Pin To Net: NetName=NetC75_1 Pin=C75-1
Added Pin To Net: NetName=NetC75_2 Pin=C75-2
Added Pin To Net: NetName=NetC76_1 Pin=C76-1
Added Pin To Net: NetName=NetC75_2 Pin=C76-2
Added Pin To Net: NetName=NetC77_1 Pin=C77-1
Added Pin To Net: NetName=+3.3 Pin=C77-2
Added Pin To Net: NetName=GND Pin=C78-1
Added Pin To Net: NetName=NetC75_1 Pin=C78-2
Added Pin To Net: NetName=GND Pin=C79-1
Added Pin To Net: NetName=NetC76_1 Pin=C79-2
Added Pin To Net: NetName=GND Pin=C80-1
Added Pin To Net: NetName=NetC77_1 Pin=C80-2
Added Pin To Net: NetName=GND Pin=C81-1
Added Pin To Net: NetName=NetC81_2 Pin=C81-2
Added Pin To Net: NetName=GND Pin=C82-1
Added Pin To Net: NetName=NetC82_2 Pin=C82-2
Added Pin To Net: NetName=NetJ4_9 Pin=R134-1
Added Pin To Net: NetName=PHOTO_ADC_EOC Pin=R134-2
Added Member To Class: ClassName=MCU Member=Component C75 0.22uF/10V
Added Member To Class: ClassName=MCU Member=Component C76 1uF/10V
Added Member To Class: ClassName=MCU Member=Component C77 1uF/10V
Added Member To Class: ClassName=MCU Member=Component C78 0.22uF/10V
Added Member To Class: ClassName=MCU Member=Component C79 1uF/10V
Added Member To Class: ClassName=MCU Member=Component C80 1uF/10V
Added Member To Class: ClassName=MCU Member=Component C81 1uF/10V
Added Member To Class: ClassName=MCU Member=Component C82 1uF/10V
Added Member To Class: ClassName=HEADER_1 Member=Component R134 22R
