Removed Pin From Net: NetName=+5 Pin=C71-2
Removed Pin From Net: NetName=+3.3 Pin=C72-2
Removed Pin From Net: NetName=GND Pin=C73-1
Removed Pin From Net: NetName=GND Pin=C74-1
Removed Pin From Net: NetName=+5 Pin=C75-2
Removed Pin From Net: NetName=+3.3 Pin=C76-2
Removed Pin From Net: NetName=GND Pin=C77-1
Removed Pin From Net: NetName=NetC75_1 Pin=C77-2
Removed Pin From Net: NetName=NetC76_1 Pin=C78-2
Removed Pin From Net: NetName=+5 Pin=C79-2
Removed Pin From Net: NetName=+3.3 Pin=C80-2
Removed Pin From Net: NetName=+3.3 Pin=C132-2
Removed Pin From Net: NetName=GND Pin=C134-1
Removed Pin From Net: NetName=GND Pin=C135-1
Removed Pin From Net: NetName=GND Pin=C140-1
Removed Pin From Net: NetName=GND Pin=C141-1
Removed Pin From Net: NetName=GND Pin=C142-1
Removed Pin From Net: NetName=+5 Pin=J1-13
Removed Pin From Net: NetName=+3.3 Pin=R40-2
Removed Pin From Net: NetName=+3.3 Pin=R41-2
Removed Pin From Net: NetName=+5 Pin=R42-2
Removed Pin From Net: NetName=+5 Pin=R43-2
Removed Pin From Net: NetName=+3.3 Pin=R47-2
Removed Pin From Net: NetName=+3.3 Pin=R48-2
Removed Pin From Net: NetName=+3.3 Pin=R49-2
Removed Pin From Net: NetName=GND Pin=R55-2
Removed Pin From Net: NetName=+3.3 Pin=R118-1
Removed Pin From Net: NetName=GND Pin=R119-2
Removed Pin From Net: NetName=+3.3 Pin=R136-2
Removed Pin From Net: NetName=+3.3 Pin=R137-1
Removed Pin From Net: NetName=GND Pin=R138-2
Removed Pin From Net: NetName=+5 Pin=U10-1
Removed Pin From Net: NetName=GND Pin=U10-4
Removed Pin From Net: NetName=GND Pin=U10-5
Removed Pin From Net: NetName=+3.3 Pin=U10-8
Removed Pin From Net: NetName=+3.3 Pin=U11-1
Removed Pin From Net: NetName=GND Pin=U11-2
Removed Pin From Net: NetName=GND Pin=U11-8
Removed Pin From Net: NetName=GND Pin=U11-9
Removed Pin From Net: NetName=GND Pin=U11-15
Removed Pin From Net: NetName=+5 Pin=U11-16
Removed Pin From Net: NetName=+3.3 Pin=U12-1
Removed Pin From Net: NetName=GND Pin=U12-4
Removed Pin From Net: NetName=GND Pin=U12-5
Removed Pin From Net: NetName=+5 Pin=U12-8
Removed Pin From Net: NetName=TEC_3_SWEN Pin=U20-1
Removed Pin From Net: NetName=TEC_4_SWEN Pin=U20-2
Removed Pin From Net: NetName=TEC_2_SWEN Pin=U20-3
Removed Pin From Net: NetName=TEC_1_SWEN Pin=U20-4
Removed Pin From Net: NetName=TEC_1_EN Pin=U20-5
Removed Pin From Net: NetName=+3.3 Pin=U20-6
Removed Pin From Net: NetName=TEC_2_EN Pin=U20-7
Removed Pin From Net: NetName=TEC_3_EN Pin=U20-8
Removed Pin From Net: NetName=TEC_4_EN Pin=U20-9
Removed Pin From Net: NetName=GND Pin=U20-10
Removed Pin From Net: NetName=+3.3 Pin=U20-11
Removed Pin From Net: NetName=OSC0 Pin=U20-12
Removed Pin From Net: NetName=OSC1 Pin=U20-13
Removed Pin From Net: NetName=NRST Pin=U20-14
Removed Pin From Net: NetName=ADC_TEMP1 Pin=U20-15
Removed Pin From Net: NetName=ADC_TEMP2 Pin=U20-16
Removed Pin From Net: NetName=ADC_TEMP3 Pin=U20-17
Removed Pin From Net: NetName=ADC_TEMP4 Pin=U20-18
Removed Pin From Net: NetName=+3.3 Pin=U20-19
Removed Pin From Net: NetName=GND Pin=U20-20
Removed Pin From Net: NetName=WD_WAKE Pin=U20-23
Removed Pin From Net: NetName=WD_DONE Pin=U20-24
Removed Pin From Net: NetName=LASER_ADC1 Pin=U20-25
Removed Pin From Net: NetName=LASER_ADC2 Pin=U20-26
Removed Pin From Net: NetName=GND Pin=U20-27
Removed Pin From Net: NetName=+3.3 Pin=U20-28
Removed Pin From Net: NetName=TEC_ADC Pin=U20-29
Removed Pin From Net: NetName=ADC_TEMP5 Pin=U20-33
Removed Pin From Net: NetName=ADC_TEMP6 Pin=U20-34
Removed Pin From Net: NetName=ADC_TEMP7 Pin=U20-35
Removed Pin From Net: NetName=ADC_TEMP8 Pin=U20-36
Removed Pin From Net: NetName=EF_12_AUX Pin=U20-38
Removed Pin From Net: NetName=IR_LED_PWM Pin=U20-40
Removed Pin From Net: NetName=LED_G Pin=U20-41
Removed Pin From Net: NetName=LED_B Pin=U20-42
Removed Pin From Net: NetName=LASER_DAC_CS Pin=U20-43
Removed Pin From Net: NetName=LASER_SW_EXT_CS Pin=U20-44
Removed Pin From Net: NetName=LASER_SW_INT_CS Pin=U20-45
Removed Pin From Net: NetName=LASER_DAC_LATCH Pin=U20-46
Removed Pin From Net: NetName=+3.3 Pin=U20-50
Removed Pin From Net: NetName=PHOTO_PD_CS Pin=U20-56
Removed Pin From Net: NetName=PHOTO_ADC_CS Pin=U20-57
Removed Pin From Net: NetName=PHOTO_ADC_CONV Pin=U20-58
Removed Pin From Net: NetName=PHOTO_ADC_EOC Pin=U20-65
Removed Pin From Net: NetName=IRQ_1 Pin=U20-66
Removed Pin From Net: NetName=IRQ_0 Pin=U20-67
Removed Pin From Net: NetName=SWDIO Pin=U20-72
Removed Pin From Net: NetName=GND Pin=U20-74
Removed Pin From Net: NetName=+3.3 Pin=U20-75
Removed Pin From Net: NetName=SWCLK Pin=U20-76
Removed Pin From Net: NetName=TEC_SCK Pin=U20-78
Removed Pin From Net: NetName=TEC_MISO Pin=U20-79
Removed Pin From Net: NetName=TEC_MOSI Pin=U20-80
Removed Pin From Net: NetName=EF_5_AUX Pin=U20-84
Removed Pin From Net: NetName=EF_5_EN Pin=U20-85
Removed Pin From Net: NetName=TEC_ADC_C\S\ Pin=U20-86
Removed Pin From Net: NetName=SENSOR2_EN Pin=U20-90
Removed Pin From Net: NetName=SENSOR1_EN Pin=U20-91
Removed Pin From Net: NetName=TEC_4_C\S\ Pin=U20-95
Removed Pin From Net: NetName=TEC_3_C\S\ Pin=U20-96
Removed Pin From Net: NetName=TEC_2_C\S\ Pin=U20-97
Removed Pin From Net: NetName=TEC_1_C\S\ Pin=U20-98
Removed Pin From Net: NetName=GND Pin=U20-99
Removed Pin From Net: NetName=+3.3 Pin=U20-100
Removed Member From Class: ClassName=MCU Member=C131
Removed Member From Class: ClassName=MCU Member=C132
Removed Member From Class: ClassName=MCU Member=C133
Removed Member From Class: ClassName=MCU Member=C134
Removed Member From Class: ClassName=MCU Member=C135
Removed Member From Class: ClassName=MCU Member=C140
Removed Member From Class: ClassName=MCU Member=C141
Removed Member From Class: ClassName=MCU Member=C142
Removed Member From Class: ClassName=MCU Member=R118
Removed Member From Class: ClassName=MCU Member=R119
Removed Member From Class: ClassName=MCU Member=R137
Removed Member From Class: ClassName=MCU Member=R138
Removed Member From Class: ClassName=MCU Member=U20
Change Component Footprint: Designator=D1 Old Footprint=DO214-AC-SMA_EXP_V110 New Footprint=DO214-AC-SMA
Change Component Footprint: Designator=D2 Old Footprint=DO214-AC-SMA_EXP_V110 New Footprint=DO214-AC-SMA
Change Component Footprint: Designator=D3 Old Footprint=DO214-AC-SMA_EXP_V110 New Footprint=DO214-AC-SMA
Change Footprint: Footprint Not Found DO214-AC-SMA
Change Component Footprint: Designator=U12 Old Footprint=ISO1042 New Footprint=LQFP100_STM
Change Component Footprint: Designator=L7 Old Footprint=L-SMD-0603-EXP-V101 New Footprint=L-SMD-0603
Change Footprint: Footprint Not Found L-SMD-M-3.5x3.5x2mm
Change Footprint: Footprint Not Found L-SMD-M-3.5x3.5x2mm
Change Footprint: Footprint Not Found L-SMD-M-3.5x3.5x2mm
Change Footprint: Footprint Not Found L-SMD-M-3.5x3.5x2mm
Change Component Footprint: Designator=U5 Old Footprint=QFN18-EXP-V110 New Footprint=QFN18
Change Component Footprint: Designator=U6 Old Footprint=QFN18-EXP-V110 New Footprint=QFN18
Change Component Footprint: Designator=U7 Old Footprint=QFN18-EXP-V110 New Footprint=QFN18
Change Component Footprint: Designator=U8 Old Footprint=QFN18-EXP-V110 New Footprint=QFN18
Change Footprint: Footprint Not Found sot23-12_3
Change Footprint: Footprint Not Found sot23-12_3
Change Component Footprint: Designator=C1 Old Footprint=TANTALUM-SMD-1206 New Footprint=SMD7343
Change Component Footprint: Designator=C2 Old Footprint=TANTALUM-SMD-1206 New Footprint=SMD7343
Change Component Footprint: Designator=C8 Old Footprint=TANTALUM-SMD-1206 New Footprint=SMD7343
Change Component Footprint: Designator=C9 Old Footprint=TANTALUM-SMD-1206 New Footprint=SMD7343
Change Component Footprint: Designator=C12 Old Footprint=TANTALUM-SMD-1206 New Footprint=SMD7343
Change Component Footprint: Designator=C13 Old Footprint=TANTALUM-SMD-1206 New Footprint=SMD7343
Change Component Footprint: Designator=C17 Old Footprint=TANTALUM-SMD-1206 New Footprint=SMD7343
Change Component Footprint: Designator=C18 Old Footprint=TANTALUM-SMD-1206 New Footprint=SMD7343
Change Component Footprint: Designator=U21 Old Footprint=TPL5010DDCR_EXP_V110 New Footprint=TPL5010DDCR
Change Component Footprint: Designator=U1 Old Footprint=VQFN-HR-10-EXP-V110 New Footprint=VQFN-HR-10
Change Component Footprint: Designator=U3 Old Footprint=VQFN-HR-10-EXP-V110 New Footprint=VQFN-HR-10
Change Component Comment : Designator=C76 Old Comment=0.22uF/10V New Comment=1uF/10V
Change Component Comment : Designator=C77 Old Comment=0.22uF/10V New Comment=1uF/10V
Change Component Comment : Designator=C79 Old Comment=0.22uF/10V New Comment=1uF/10V
Change Component Comment : Designator=C80 Old Comment=0.22uF/10V New Comment=1uF/10V
Change Component Comment : Designator=C81 Old Comment=0.22uF/10V New Comment=1uF/10V
Change Component Comment : Designator=C82 Old Comment=0.22uF/10V New Comment=1uF/10V
Change Component Comment : Designator=C1 Old Comment=33uF/16V New Comment=33uF/10V
Change Component Comment : Designator=C2 Old Comment=33uF/16V New Comment=33uF/10V
Change Component Comment : Designator=C9 Old Comment=33uF/16V New Comment=33uF/10V
Change Component Comment : Designator=R46 Old Comment=120R New Comment=10k
Change Component Comment : Designator=U12 Old Comment=ISO1042BQDWVRQ1 New Comment=STM32F765VGT7
Change component parameters: Designator = "U12" ("U12"); Footprint = "ISO1042"; UniqueID = "\EQMMXOSD" ("\EQMMXOSD")
Change component parameters (AddParameter): Name = "Mfr_Name"; Value = "STMicroelectronics"; VariantName = "[No Variations]"
Change component parameters (AddParameter): Name = "RefDes"; Value = "RefDes"; VariantName = "[No Variations]"
Change component parameters (AddParameter): Name = "Type"; Value = "Type"; VariantName = "[No Variations]"
Added Component: Designator=R38(RES_C_1608X60)
Add component (AddParameter): Name = "Class"; Value = "Passive"; VariantName = "[No Variations]"
Add component (AddParameter): Name = "Manufacturer"; Value = "Generic Components"; VariantName = "[No Variations]"
Add component (AddParameter): Name = "Published"; Value = "08/06/2000"; VariantName = "[No Variations]"
Add component (AddParameter): Name = "Publisher"; Value = "Altium Hobart Technology Centre"; VariantName = "[No Variations]"
Added Pin To Net: NetName=+3.3 Pin=C77-2
Added Pin To Net: NetName=NetC75_1 Pin=C78-2
Added Pin To Net: NetName=GND Pin=C79-1
Added Pin To Net: NetName=NetC76_1 Pin=C79-2
Added Pin To Net: NetName=GND Pin=C80-1
Added Pin To Net: NetName=+3.3 Pin=J1-13
Add Pin To Net: Unknown Pin: Pin J8-5
Add Pin To Net: Unknown Pin: Pin J8-6
Add Pin To Net: Unknown Pin: Pin J9-5
Add Pin To Net: Unknown Pin: Pin J9-6
Added Pin To Net: NetName=+3.3 Pin=R38-1
Added Pin To Net: NetName=GND Pin=R46-2
Added Pin To Net: NetName=TEC_3_SWEN Pin=U12-1
Added Pin To Net: NetName=TEC_4_SWEN Pin=U12-2
Added Pin To Net: NetName=TEC_2_SWEN Pin=U12-3
Added Pin To Net: NetName=TEC_1_SWEN Pin=U12-4
Added Pin To Net: NetName=TEC_1_EN Pin=U12-5
Added Pin To Net: NetName=+3.3 Pin=U12-6
Added Pin To Net: NetName=TEC_2_EN Pin=U12-7
Added Pin To Net: NetName=TEC_3_EN Pin=U12-8
Added Pin To Net: NetName=TEC_4_EN Pin=U12-9
Added Pin To Net: NetName=GND Pin=U12-10
Added Pin To Net: NetName=+3.3 Pin=U12-11
Added Pin To Net: NetName=OSC0 Pin=U12-12
Added Pin To Net: NetName=OSC1 Pin=U12-13
Added Pin To Net: NetName=NRST Pin=U12-14
Added Pin To Net: NetName=ADC_TEMP1 Pin=U12-15
Added Pin To Net: NetName=ADC_TEMP2 Pin=U12-16
Added Pin To Net: NetName=ADC_TEMP3 Pin=U12-17
Added Pin To Net: NetName=ADC_TEMP4 Pin=U12-18
Added Pin To Net: NetName=GND Pin=U12-19
Added Pin To Net: NetName=WD_WAKE Pin=U12-22
Added Pin To Net: NetName=WD_DONE Pin=U12-23
Added Pin To Net: NetName=GND Pin=U12-26
Added Pin To Net: NetName=+3.3 Pin=U12-27
Added Pin To Net: NetName=ADC_TEMP5 Pin=U12-32
Added Pin To Net: NetName=ADC_TEMP6 Pin=U12-33
Added Pin To Net: NetName=ADC_TEMP7 Pin=U12-34
Added Pin To Net: NetName=ADC_TEMP8 Pin=U12-35
Added Pin To Net: NetName=EF_12_AUX Pin=U12-37
Added Pin To Net: NetName=IR_LED_PWM Pin=U12-39
Added Pin To Net: NetName=GND Pin=U12-49
Added Pin To Net: NetName=+3.3 Pin=U12-50
Added Pin To Net: NetName=PHOTO_PD_CS Pin=U12-56
Added Pin To Net: NetName=PHOTO_ADC_CS Pin=U12-57
Added Pin To Net: NetName=PHOTO_ADC_CONV Pin=U12-58
Added Pin To Net: NetName=PHOTO_ADC_EOC Pin=U12-65
Added Pin To Net: NetName=IRQ_1 Pin=U12-66
Added Pin To Net: NetName=SWDIO Pin=U12-72
Added Pin To Net: NetName=GND Pin=U12-74
Added Pin To Net: NetName=+3.3 Pin=U12-75
Added Pin To Net: NetName=SWCLK Pin=U12-76
Added Pin To Net: NetName=TEC_SCK Pin=U12-78
Added Pin To Net: NetName=TEC_MISO Pin=U12-79
Added Pin To Net: NetName=TEC_MOSI Pin=U12-80
Added Pin To Net: NetName=EF_5_AUX Pin=U12-84
Added Pin To Net: NetName=EF_5_EN Pin=U12-85
Added Pin To Net: NetName=TEC_ADC_C\S\ Pin=U12-86
Added Pin To Net: NetName=SENSOR2_EN Pin=U12-90
Added Pin To Net: NetName=SENSOR1_EN Pin=U12-91
Added Pin To Net: NetName=TEC_4_C\S\ Pin=U12-95
Added Pin To Net: NetName=TEC_3_C\S\ Pin=U12-96
Added Pin To Net: NetName=TEC_2_C\S\ Pin=U12-97
Added Pin To Net: NetName=TEC_1_C\S\ Pin=U12-98
Added Pin To Net: NetName=GND Pin=U12-99
Added Pin To Net: NetName=+3.3 Pin=U12-100
Change Net Name : Old Net Name=+5 New Net Name=5V
Change Net Name : Old Net Name=+5_CAM New Net Name=5V_CAM
Change Net Name : Old Net Name=+5_TEC_HEATER New Net Name=5V_TEMP
Change Net Name : Old Net Name=+12 New Net Name=12V
Change Net Name : Old Net Name=12_EXP New Net Name=12V_EXP
Change Net Name : Old Net Name=TEC_MISO New Net Name=TEC_SPI3_MISO
Change Net Name : Old Net Name=TEC_MOSI New Net Name=TEC_SPI3_MOSI
Change Net Name : Old Net Name=TEC_SCK New Net Name=TEC_SPI3_SCK
Added Pin To Net: NetName=CONS_UART6_RX Pin=R113-1
Added Pin To Net: NetName=CONS_UART6_RX Pin=U12-64
Added Net: Name=CONS_UART6_RX
Added Pin To Net: NetName=CONS_UART6_TX Pin=R114-1
Added Pin To Net: NetName=CONS_UART6_TX Pin=U12-63
Added Net: Name=CONS_UART6_TX
Added Pin To Net: NetName=EXP_I2C2_SCL Pin=J1-17
Added Pin To Net: NetName=EXP_I2C2_SCL Pin=U12-46
Added Net: Name=EXP_I2C2_SCL
Added Pin To Net: NetName=EXP_I2C2_SDA Pin=J1-38
Added Pin To Net: NetName=EXP_I2C2_SDA Pin=U12-47
Added Net: Name=EXP_I2C2_SDA
Added Pin To Net: NetName=EXP_SPI1_CS Pin=J1-15
Added Pin To Net: NetName=EXP_SPI1_CS Pin=U12-28
Added Net: Name=EXP_SPI1_CS
Added Pin To Net: NetName=EXP_SPI1_MISO Pin=J1-36
Added Pin To Net: NetName=EXP_SPI1_MISO Pin=U12-30
Added Net: Name=EXP_SPI1_MISO
Added Pin To Net: NetName=EXP_SPI1_MOSI Pin=J1-37
Added Pin To Net: NetName=EXP_SPI1_MOSI Pin=U12-31
Added Net: Name=EXP_SPI1_MOSI
Added Pin To Net: NetName=EXP_SPI1_SCK Pin=J1-16
Added Pin To Net: NetName=EXP_SPI1_SCK Pin=U12-29
Added Net: Name=EXP_SPI1_SCK
Added Pin To Net: NetName=EXP_UART1_RX Pin=J1-18
Added Pin To Net: NetName=EXP_UART1_RX Pin=U12-69
Added Net: Name=EXP_UART1_RX
Added Pin To Net: NetName=EXP_UART1_TX Pin=J1-39
Added Pin To Net: NetName=EXP_UART1_TX Pin=U12-68
Added Net: Name=EXP_UART1_TX
Added Pin To Net: NetName=FRAM_CS Pin=R141-1
Added Pin To Net: NetName=FRAM_CS Pin=U12-83
Added Net: Name=FRAM_CS
Added Pin To Net: NetName=HEATER_PWM4_1 Pin=R58-1
Added Pin To Net: NetName=HEATER_PWM4_1 Pin=U12-59
Added Net: Name=HEATER_PWM4_1
Added Pin To Net: NetName=HEATER_PWM4_2 Pin=R59-1
Added Pin To Net: NetName=HEATER_PWM4_2 Pin=U12-60
Added Net: Name=HEATER_PWM4_2
Added Pin To Net: NetName=HEATER_PWM4_3 Pin=R60-1
Added Pin To Net: NetName=HEATER_PWM4_3 Pin=U12-61
Added Net: Name=HEATER_PWM4_3
Added Pin To Net: NetName=HEATER_PWM4_4 Pin=R61-1
Added Pin To Net: NetName=HEATER_PWM4_4 Pin=U12-62
Added Net: Name=HEATER_PWM4_4
Added Pin To Net: NetName=LASER_SPI4_MISO Pin=R122-2
Added Pin To Net: NetName=LASER_SPI4_MISO Pin=U12-43
Added Net: Name=LASER_SPI4_MISO
Added Pin To Net: NetName=LASER_SPI4_MOSI Pin=R124-2
Added Pin To Net: NetName=LASER_SPI4_MOSI Pin=U12-44
Added Net: Name=LASER_SPI4_MOSI
Added Pin To Net: NetName=LASER_SPI4_SCK Pin=R120-2
Added Pin To Net: NetName=LASER_SPI4_SCK Pin=U12-42
Added Net: Name=LASER_SPI4_SCK
Added Pin To Net: NetName=NetC75_2 Pin=C75-2
Added Pin To Net: NetName=NetC75_2 Pin=C76-2
Added Pin To Net: NetName=NetC75_2 Pin=L7-2
Added Pin To Net: NetName=NetC75_2 Pin=U12-20
Added Pin To Net: NetName=NetC75_2 Pin=U12-21
Added Net: Name=NetC75_2
Added Pin To Net: NetName=NetC77_1 Pin=C77-1
Added Pin To Net: NetName=NetC77_1 Pin=C80-2
Added Net: Name=NetC77_1
Added Pin To Net: NetName=NetC81_2 Pin=C81-2
Added Pin To Net: NetName=NetC81_2 Pin=U12-48
Added Net: Name=NetC81_2
Added Pin To Net: NetName=NetC82_2 Pin=C82-2
Added Pin To Net: NetName=NetC82_2 Pin=U12-73
Added Net: Name=NetC82_2
Added Pin To Net: NetName=NetR38_2 Pin=R38-2
Added Pin To Net: NetName=NetR38_2 Pin=R46-1
Added Pin To Net: NetName=NetR38_2 Pin=U12-94
Added Net: Name=NetR38_2
Added Pin To Net: NetName=PHOTO_SPI2_MISO Pin=R129-2
Added Pin To Net: NetName=PHOTO_SPI2_MISO Pin=U12-53
Added Net: Name=PHOTO_SPI2_MISO
Added Pin To Net: NetName=PHOTO_SPI2_MOSI Pin=R130-2
Added Pin To Net: NetName=PHOTO_SPI2_MOSI Pin=U12-54
Added Net: Name=PHOTO_SPI2_MOSI
Added Pin To Net: NetName=PHOTO_SPI2_SCK Pin=R128-2
Added Pin To Net: NetName=PHOTO_SPI2_SCK Pin=U12-52
Added Net: Name=PHOTO_SPI2_SCK
Added Pin To Net: NetName=SENSOR_I2C1_SCL Pin=R94-1
Added Pin To Net: NetName=SENSOR_I2C1_SCL Pin=U12-92
Added Net: Name=SENSOR_I2C1_SCL
Added Pin To Net: NetName=SENSOR_I2C1_SDA Pin=R95-1
Added Pin To Net: NetName=SENSOR_I2C1_SDA Pin=U12-93
Added Net: Name=SENSOR_I2C1_SDA
Added Member To Class: ClassName=MCU Member=Component C75 0.22uF/10V
Added Member To Class: ClassName=MCU Member=Component C76 1uF/10V
Added Member To Class: ClassName=MCU Member=Component C77 1uF/10V
Added Member To Class: ClassName=MCU Member=Component C78 0.22uF/10V
Added Member To Class: ClassName=MCU Member=Component C79 1uF/10V
Added Member To Class: ClassName=MCU Member=Component C80 1uF/10V
Added Member To Class: ClassName=MCU Member=Component C81 1uF/10V
Added Member To Class: ClassName=MCU Member=Component C82 1uF/10V
Added Member To Class: ClassName=MCU Member=Component R38 10k/DNP
Added Member To Class: ClassName=MCU Member=Component R46 10k
Added Member To Class: ClassName=MCU Member=Component U12 STM32F765VGT7
