Removed Pin From Net: NetName=GND Pin=J2-S1
Removed Pin From Net: NetName=GND Pin=J2-S2
Removed Pin From Net: NetName=GND Pin=J8-CS1
Removed Pin From Net: NetName=GND Pin=J8-CS2
Removed Pin From Net: NetName=GND Pin=J9-CS1
Removed Pin From Net: NetName=GND Pin=J9-CS2
Removed Pin From Net: NetName=TEC_MISO Pin=R38-1
Removed Pin From Net: NetName=+3.3 Pin=R38-2
Removed Pin From Net: NetName=TEC_MISO Pin=U9-19
Removed Member From Class: ClassName=HEADER_1 Member=J2
Removed Member From Class: ClassName=TEC_DRV Member=R38
Change Component Footprint: Designator=J4 Old Footprint=0532610971 New Footprint=0532611071
Change Component Footprint: Designator=U20 Old Footprint=LQFP-100-EXP-V110 New Footprint=LQFP-100
Change Component Comment : Designator=J4 Old Comment=0532610971 New Comment=0532611071
Added Pin To Net: NetName=PROTECT_EMI Pin=J1-3
Added Pin To Net: NetName=PROTECT_EMI Pin=J1-24
Added Pin To Net: NetName=GND Pin=J4-2
Added Pin To Net: NetName=PROTECT_EMI Pin=J4-10
Added Pin To Net: NetName=GND Pin=J12-01
Added Pin To Net: NetName=GND Pin=J12-03
Added Pin To Net: NetName=PROTECT_EMI Pin=J12-13
